<?xml version="1.0" encoding="utf-8"?>
<CoverageSession>
  <Summary numSequencePoints="1629" visitedSequencePoints="1305" numBranchPoints="1074" visitedBranchPoints="766" sequenceCoverage="80.11" branchCoverage="71.32" maxCyclomaticComplexity="1202" minCyclomaticComplexity="1202" visitedClasses="28" numClasses="29" visitedMethods="177" numMethods="282" />
  <Modules>
    <Module hash="E25552CA-42F2-49A0-85C6-8AEE97859485">
      <ModulePath>Open.Text.dll</ModulePath>
      <ModuleTime>2022-02-25T03:18:31</ModuleTime>
      <ModuleName>Open.Text</ModuleName>
      <Files>
        <File uid="1" fullPath="C:\Users\essence\Development\Open\Open.Text\Source\EnumValue.cs" />
        <File uid="2" fullPath="C:\Users\essence\Development\Open\Open.Text\Source\Extensions.Equals.cs" />
        <File uid="3" fullPath="C:\Users\essence\Development\Open\Open.Text\Source\Extensions.Split.cs" />
        <File uid="4" fullPath="C:\Users\essence\Development\Open\Open.Text\Source\Extensions.StringSegment.cs" />
        <File uid="5" fullPath="C:\Users\essence\Development\Open\Open.Text\Source\Extensions.Trim.cs" />
        <File uid="6" fullPath="C:\Users\essence\Development\Open\Open.Text\Source\Extensions._.cs" />
        <File uid="7" fullPath="C:\Users\essence\Development\Open\Open.Text\Source\SpanComparable.cs" />
        <File uid="8" fullPath="C:\Users\essence\Development\Open\Open.Text\Source\StringBuilderExtensions.cs" />
        <File uid="9" fullPath="C:\Users\essence\Development\Open\Open.Text\Source\StringComparable.cs" />
      </Files>
      <Classes>
        <Class>
          <Summary numSequencePoints="71" visitedSequencePoints="56" numBranchPoints="20" visitedBranchPoints="10" sequenceCoverage="78.87" branchCoverage="50" maxCyclomaticComplexity="10" minCyclomaticComplexity="1" visitedClasses="1" numClasses="1" visitedMethods="13" numMethods="23" />
          <FullName>Open.Text.EnumValue`1</FullName>
          <Methods>
            <Method cyclomaticComplexity="1" nPathComplexity="1" sequenceCoverage="100" branchCoverage="100" isConstructor="False" isGetter="True" isSetter="False" isStatic="True">
              <Summary numSequencePoints="1" visitedSequencePoints="1" numBranchPoints="0" visitedBranchPoints="0" sequenceCoverage="100" branchCoverage="100" maxCyclomaticComplexity="1" minCyclomaticComplexity="1" visitedClasses="0" numClasses="0" visitedMethods="1" numMethods="1" />
              <MetadataToken />
              <Name>TEnum Open.Text.EnumValue`1::get_Value()</Name>
              <FileRef uid="1" />
              <SequencePoints>
                <SequencePoint vc="24" uspid="41" ordinal="0" sl="41" sc="1" el="41" ec="2" bec="0" bev="0" fileid="1" />
              </SequencePoints>
              <BranchPoints />
              <MethodPoint vc="1" uspid="0" p8:type="SequencePoint" ordinal="0" offset="0" sc="0" sl="41" ec="1" el="41" bec="0" bev="0" fileid="1" xmlns:p8="xsi" />
            </Method>
            <Method cyclomaticComplexity="1" nPathComplexity="1" sequenceCoverage="0" branchCoverage="100" isConstructor="False" isGetter="False" isSetter="False" isStatic="True">
              <Summary numSequencePoints="1" visitedSequencePoints="0" numBranchPoints="0" visitedBranchPoints="0" sequenceCoverage="0" branchCoverage="100" maxCyclomaticComplexity="1" minCyclomaticComplexity="1" visitedClasses="0" numClasses="0" visitedMethods="0" numMethods="1" />
              <MetadataToken />
              <Name>System.String Open.Text.EnumValue`1::ToString()</Name>
              <FileRef uid="1" />
              <SequencePoints>
                <SequencePoint vc="0" uspid="46" ordinal="0" sl="46" sc="1" el="46" ec="2" bec="0" bev="0" fileid="1" />
              </SequencePoints>
              <BranchPoints />
              <MethodPoint vc="0" uspid="0" p8:type="SequencePoint" ordinal="1" offset="1" sc="0" sl="46" ec="1" el="46" bec="0" bev="0" fileid="1" xmlns:p8="xsi" />
            </Method>
            <Method cyclomaticComplexity="2" nPathComplexity="2" sequenceCoverage="100" branchCoverage="100" isConstructor="False" isGetter="False" isSetter="False" isStatic="True">
              <Summary numSequencePoints="21" visitedSequencePoints="21" numBranchPoints="2" visitedBranchPoints="2" sequenceCoverage="100" branchCoverage="100" maxCyclomaticComplexity="2" minCyclomaticComplexity="2" visitedClasses="0" numClasses="0" visitedMethods="1" numMethods="1" />
              <MetadataToken />
              <Name>System.Func`2&lt;TEnum,System.String&gt; Open.Text.EnumValue`1::GetEnumNameDelegate()</Name>
              <FileRef uid="1" />
              <SequencePoints>
                <SequencePoint vc="1" uspid="53" ordinal="0" sl="53" sc="1" el="53" ec="2" bec="0" bev="0" fileid="1" />
                <SequencePoint vc="1" uspid="54" ordinal="1" sl="54" sc="1" el="54" ec="2" bec="0" bev="0" fileid="1" />
                <SequencePoint vc="1" uspid="55" ordinal="2" sl="55" sc="1" el="55" ec="2" bec="0" bev="0" fileid="1" />
                <SequencePoint vc="1" uspid="56" ordinal="3" sl="56" sc="1" el="56" ec="2" bec="0" bev="0" fileid="1" />
                <SequencePoint vc="1" uspid="58" ordinal="4" sl="58" sc="1" el="58" ec="2" bec="2" bev="2" fileid="1" />
                <SequencePoint vc="1" uspid="59" ordinal="5" sl="59" sc="1" el="59" ec="2" bec="0" bev="0" fileid="1" />
                <SequencePoint vc="1" uspid="60" ordinal="6" sl="60" sc="1" el="60" ec="2" bec="0" bev="0" fileid="1" />
                <SequencePoint vc="1" uspid="61" ordinal="7" sl="61" sc="1" el="61" ec="2" bec="0" bev="0" fileid="1" />
                <SequencePoint vc="1" uspid="62" ordinal="8" sl="62" sc="1" el="62" ec="2" bec="0" bev="0" fileid="1" />
                <SequencePoint vc="1" uspid="63" ordinal="9" sl="63" sc="1" el="63" ec="2" bec="0" bev="0" fileid="1" />
                <SequencePoint vc="1" uspid="64" ordinal="10" sl="64" sc="1" el="64" ec="2" bec="0" bev="0" fileid="1" />
                <SequencePoint vc="1" uspid="65" ordinal="11" sl="65" sc="1" el="65" ec="2" bec="0" bev="0" fileid="1" />
                <SequencePoint vc="1" uspid="66" ordinal="12" sl="66" sc="1" el="66" ec="2" bec="0" bev="0" fileid="1" />
                <SequencePoint vc="3" uspid="67" ordinal="13" sl="67" sc="1" el="67" ec="2" bec="0" bev="0" fileid="1" />
                <SequencePoint vc="3" uspid="68" ordinal="14" sl="68" sc="1" el="68" ec="2" bec="0" bev="0" fileid="1" />
                <SequencePoint vc="3" uspid="69" ordinal="15" sl="69" sc="1" el="69" ec="2" bec="0" bev="0" fileid="1" />
                <SequencePoint vc="3" uspid="70" ordinal="16" sl="70" sc="1" el="70" ec="2" bec="0" bev="0" fileid="1" />
                <SequencePoint vc="1" uspid="71" ordinal="17" sl="71" sc="1" el="71" ec="2" bec="0" bev="0" fileid="1" />
                <SequencePoint vc="1" uspid="72" ordinal="18" sl="72" sc="1" el="72" ec="2" bec="0" bev="0" fileid="1" />
                <SequencePoint vc="1" uspid="73" ordinal="19" sl="73" sc="1" el="73" ec="2" bec="0" bev="0" fileid="1" />
                <SequencePoint vc="1" uspid="74" ordinal="20" sl="74" sc="1" el="74" ec="2" bec="0" bev="0" fileid="1" />
              </SequencePoints>
              <BranchPoints>
                <BranchPoint vc="1" uspid="58" ordinal="0" path="0" offset="127" offsetend="129" sl="58" fileid="1" />
                <BranchPoint vc="1" uspid="58" ordinal="1" path="1" offset="127" offsetend="152" sl="58" fileid="1" />
              </BranchPoints>
              <MethodPoint vc="21" uspid="0" p8:type="SequencePoint" ordinal="2" offset="2" sc="0" sl="53" ec="1" el="74" bec="0" bev="0" fileid="1" xmlns:p8="xsi" />
            </Method>
            <Method cyclomaticComplexity="8" nPathComplexity="8" sequenceCoverage="100" branchCoverage="100" isConstructor="False" isGetter="False" isSetter="False" isStatic="True">
              <Summary numSequencePoints="19" visitedSequencePoints="19" numBranchPoints="8" visitedBranchPoints="8" sequenceCoverage="100" branchCoverage="100" maxCyclomaticComplexity="8" minCyclomaticComplexity="8" visitedClasses="0" numClasses="0" visitedMethods="1" numMethods="1" />
              <MetadataToken />
              <Name>System.ValueTuple`2&lt;System.String,TEnum&gt;[][] Open.Text.EnumValue`1::CreateLookup()</Name>
              <FileRef uid="1" />
              <SequencePoints>
                <SequencePoint vc="1" uspid="77" ordinal="0" sl="77" sc="1" el="77" ec="2" bec="0" bev="0" fileid="1" />
                <SequencePoint vc="1" uspid="78" ordinal="1" sl="78" sc="1" el="78" ec="2" bec="0" bev="0" fileid="1" />
                <SequencePoint vc="1" uspid="79" ordinal="2" sl="79" sc="1" el="79" ec="2" bec="0" bev="0" fileid="1" />
                <SequencePoint vc="1" uspid="80" ordinal="3" sl="80" sc="1" el="80" ec="2" bec="0" bev="0" fileid="1" />
                <SequencePoint vc="1" uspid="81" ordinal="4" sl="81" sc="1" el="81" ec="2" bec="0" bev="0" fileid="1" />
                <SequencePoint vc="1" uspid="82" ordinal="5" sl="82" sc="1" el="82" ec="2" bec="0" bev="0" fileid="1" />
                <SequencePoint vc="9" uspid="84" ordinal="6" sl="84" sc="1" el="84" ec="2" bec="2" bev="2" fileid="1" />
                <SequencePoint vc="3" uspid="85" ordinal="7" sl="85" sc="1" el="85" ec="2" bec="0" bev="0" fileid="1" />
                <SequencePoint vc="3" uspid="86" ordinal="8" sl="86" sc="1" el="86" ec="2" bec="0" bev="0" fileid="1" />
                <SequencePoint vc="3" uspid="87" ordinal="9" sl="87" sc="1" el="87" ec="2" bec="0" bev="0" fileid="1" />
                <SequencePoint vc="4" uspid="88" ordinal="10" sl="88" sc="1" el="88" ec="2" bec="2" bev="2" fileid="1" />
                <SequencePoint vc="5" uspid="89" ordinal="11" sl="89" sc="1" el="89" ec="2" bec="2" bev="2" fileid="1" />
                <SequencePoint vc="3" uspid="90" ordinal="12" sl="90" sc="1" el="90" ec="2" bec="0" bev="0" fileid="1" />
                <SequencePoint vc="3" uspid="91" ordinal="13" sl="91" sc="1" el="91" ec="2" bec="0" bev="0" fileid="1" />
                <SequencePoint vc="1" uspid="93" ordinal="14" sl="93" sc="1" el="93" ec="2" bec="0" bev="0" fileid="1" />
                <SequencePoint vc="7" uspid="94" ordinal="15" sl="94" sc="1" el="94" ec="2" bec="2" bev="2" fileid="1" />
                <SequencePoint vc="2" uspid="95" ordinal="16" sl="95" sc="1" el="95" ec="2" bec="0" bev="0" fileid="1" />
                <SequencePoint vc="1" uspid="97" ordinal="17" sl="97" sc="1" el="97" ec="2" bec="0" bev="0" fileid="1" />
                <SequencePoint vc="1" uspid="98" ordinal="18" sl="98" sc="1" el="98" ec="2" bec="0" bev="0" fileid="1" />
              </SequencePoints>
              <BranchPoints>
                <BranchPoint vc="3" uspid="84" ordinal="5" path="1" offset="155" offsetend="41" sl="84" fileid="1" />
                <BranchPoint vc="1" uspid="88" ordinal="0" path="0" offset="89" offsetend="91" sl="88" fileid="1" />
                <BranchPoint vc="3" uspid="88" ordinal="1" path="1" offset="89" offsetend="94" sl="88" fileid="1" />
                <BranchPoint vc="2" uspid="89" ordinal="2" path="0" offset="111" offsetend="113" sl="89" fileid="1" />
                <BranchPoint vc="3" uspid="89" ordinal="3" path="1" offset="111" offsetend="130" sl="89" fileid="1" />
                <BranchPoint vc="1" uspid="84" ordinal="4" path="0" offset="155" offsetend="157" sl="84" fileid="1" />
                <BranchPoint vc="2" uspid="94" ordinal="7" path="1" offset="230" offsetend="197" sl="94" fileid="1" />
                <BranchPoint vc="1" uspid="94" ordinal="6" path="0" offset="230" offsetend="232" sl="94" fileid="1" />
              </BranchPoints>
              <MethodPoint vc="19" uspid="0" p8:type="SequencePoint" ordinal="3" offset="3" sc="0" sl="77" ec="1" el="98" bec="0" bev="0" fileid="1" xmlns:p8="xsi" />
            </Method>
            <Method cyclomaticComplexity="1" nPathComplexity="1" sequenceCoverage="0" branchCoverage="100" isConstructor="False" isGetter="False" isSetter="False" isStatic="True">
              <Summary numSequencePoints="1" visitedSequencePoints="0" numBranchPoints="0" visitedBranchPoints="0" sequenceCoverage="0" branchCoverage="100" maxCyclomaticComplexity="1" minCyclomaticComplexity="1" visitedClasses="0" numClasses="0" visitedMethods="0" numMethods="1" />
              <MetadataToken />
              <Name>System.Boolean Open.Text.EnumValue`1::Equals(Open.Text.EnumValue`1&lt;TEnum&gt;)</Name>
              <FileRef uid="1" />
              <SequencePoints>
                <SequencePoint vc="0" uspid="104" ordinal="0" sl="104" sc="1" el="104" ec="2" bec="0" bev="0" fileid="1" />
              </SequencePoints>
              <BranchPoints />
              <MethodPoint vc="0" uspid="0" p8:type="SequencePoint" ordinal="4" offset="4" sc="0" sl="104" ec="1" el="104" bec="0" bev="0" fileid="1" xmlns:p8="xsi" />
            </Method>
            <Method cyclomaticComplexity="1" nPathComplexity="1" sequenceCoverage="0" branchCoverage="100" isConstructor="False" isGetter="False" isSetter="False" isStatic="True">
              <Summary numSequencePoints="1" visitedSequencePoints="0" numBranchPoints="0" visitedBranchPoints="0" sequenceCoverage="0" branchCoverage="100" maxCyclomaticComplexity="1" minCyclomaticComplexity="1" visitedClasses="0" numClasses="0" visitedMethods="0" numMethods="1" />
              <MetadataToken />
              <Name>System.Boolean Open.Text.EnumValue`1::op_Equality(Open.Text.EnumValue`1&lt;TEnum&gt;,Open.Text.EnumValue`1&lt;TEnum&gt;)</Name>
              <FileRef uid="1" />
              <SequencePoints>
                <SequencePoint vc="0" uspid="109" ordinal="0" sl="109" sc="1" el="109" ec="2" bec="0" bev="0" fileid="1" />
              </SequencePoints>
              <BranchPoints />
              <MethodPoint vc="0" uspid="0" p8:type="SequencePoint" ordinal="5" offset="5" sc="0" sl="109" ec="1" el="109" bec="0" bev="0" fileid="1" xmlns:p8="xsi" />
            </Method>
            <Method cyclomaticComplexity="1" nPathComplexity="1" sequenceCoverage="0" branchCoverage="100" isConstructor="False" isGetter="False" isSetter="False" isStatic="True">
              <Summary numSequencePoints="1" visitedSequencePoints="0" numBranchPoints="0" visitedBranchPoints="0" sequenceCoverage="0" branchCoverage="100" maxCyclomaticComplexity="1" minCyclomaticComplexity="1" visitedClasses="0" numClasses="0" visitedMethods="0" numMethods="1" />
              <MetadataToken />
              <Name>System.Boolean Open.Text.EnumValue`1::op_Inequality(Open.Text.EnumValue`1&lt;TEnum&gt;,Open.Text.EnumValue`1&lt;TEnum&gt;)</Name>
              <FileRef uid="1" />
              <SequencePoints>
                <SequencePoint vc="0" uspid="114" ordinal="0" sl="114" sc="1" el="114" ec="2" bec="0" bev="0" fileid="1" />
              </SequencePoints>
              <BranchPoints />
              <MethodPoint vc="0" uspid="0" p8:type="SequencePoint" ordinal="6" offset="6" sc="0" sl="114" ec="1" el="114" bec="0" bev="0" fileid="1" xmlns:p8="xsi" />
            </Method>
            <Method cyclomaticComplexity="1" nPathComplexity="1" sequenceCoverage="0" branchCoverage="100" isConstructor="False" isGetter="False" isSetter="False" isStatic="True">
              <Summary numSequencePoints="1" visitedSequencePoints="0" numBranchPoints="0" visitedBranchPoints="0" sequenceCoverage="0" branchCoverage="100" maxCyclomaticComplexity="1" minCyclomaticComplexity="1" visitedClasses="0" numClasses="0" visitedMethods="0" numMethods="1" />
              <MetadataToken />
              <Name>System.Boolean Open.Text.EnumValue`1::Equals(Open.Text.EnumValueCaseIgnored`1&lt;TEnum&gt;)</Name>
              <FileRef uid="1" />
              <SequencePoints>
                <SequencePoint vc="0" uspid="117" ordinal="0" sl="117" sc="1" el="117" ec="2" bec="0" bev="0" fileid="1" />
              </SequencePoints>
              <BranchPoints />
              <MethodPoint vc="0" uspid="0" p8:type="SequencePoint" ordinal="7" offset="7" sc="0" sl="117" ec="1" el="117" bec="0" bev="0" fileid="1" xmlns:p8="xsi" />
            </Method>
            <Method cyclomaticComplexity="1" nPathComplexity="1" sequenceCoverage="100" branchCoverage="100" isConstructor="False" isGetter="False" isSetter="False" isStatic="True">
              <Summary numSequencePoints="1" visitedSequencePoints="1" numBranchPoints="0" visitedBranchPoints="0" sequenceCoverage="100" branchCoverage="100" maxCyclomaticComplexity="1" minCyclomaticComplexity="1" visitedClasses="0" numClasses="0" visitedMethods="1" numMethods="1" />
              <MetadataToken />
              <Name>System.Boolean Open.Text.EnumValue`1::op_Equality(Open.Text.EnumValue`1&lt;TEnum&gt;,Open.Text.EnumValueCaseIgnored`1&lt;TEnum&gt;)</Name>
              <FileRef uid="1" />
              <SequencePoints>
                <SequencePoint vc="3" uspid="122" ordinal="0" sl="122" sc="1" el="122" ec="2" bec="0" bev="0" fileid="1" />
              </SequencePoints>
              <BranchPoints />
              <MethodPoint vc="1" uspid="0" p8:type="SequencePoint" ordinal="8" offset="8" sc="0" sl="122" ec="1" el="122" bec="0" bev="0" fileid="1" xmlns:p8="xsi" />
            </Method>
            <Method cyclomaticComplexity="1" nPathComplexity="1" sequenceCoverage="100" branchCoverage="100" isConstructor="False" isGetter="False" isSetter="False" isStatic="True">
              <Summary numSequencePoints="1" visitedSequencePoints="1" numBranchPoints="0" visitedBranchPoints="0" sequenceCoverage="100" branchCoverage="100" maxCyclomaticComplexity="1" minCyclomaticComplexity="1" visitedClasses="0" numClasses="0" visitedMethods="1" numMethods="1" />
              <MetadataToken />
              <Name>System.Boolean Open.Text.EnumValue`1::op_Inequality(Open.Text.EnumValue`1&lt;TEnum&gt;,Open.Text.EnumValueCaseIgnored`1&lt;TEnum&gt;)</Name>
              <FileRef uid="1" />
              <SequencePoints>
                <SequencePoint vc="3" uspid="127" ordinal="0" sl="127" sc="1" el="127" ec="2" bec="0" bev="0" fileid="1" />
              </SequencePoints>
              <BranchPoints />
              <MethodPoint vc="1" uspid="0" p8:type="SequencePoint" ordinal="9" offset="9" sc="0" sl="127" ec="1" el="127" bec="0" bev="0" fileid="1" xmlns:p8="xsi" />
            </Method>
            <Method cyclomaticComplexity="1" nPathComplexity="1" sequenceCoverage="100" branchCoverage="100" isConstructor="False" isGetter="False" isSetter="False" isStatic="True">
              <Summary numSequencePoints="1" visitedSequencePoints="1" numBranchPoints="0" visitedBranchPoints="0" sequenceCoverage="100" branchCoverage="100" maxCyclomaticComplexity="1" minCyclomaticComplexity="1" visitedClasses="0" numClasses="0" visitedMethods="1" numMethods="1" />
              <MetadataToken />
              <Name>System.Boolean Open.Text.EnumValue`1::Equals(TEnum)</Name>
              <FileRef uid="1" />
              <SequencePoints>
                <SequencePoint vc="3" uspid="133" ordinal="0" sl="133" sc="1" el="133" ec="2" bec="0" bev="0" fileid="1" />
              </SequencePoints>
              <BranchPoints />
              <MethodPoint vc="1" uspid="0" p8:type="SequencePoint" ordinal="10" offset="10" sc="0" sl="133" ec="1" el="133" bec="0" bev="0" fileid="1" xmlns:p8="xsi" />
            </Method>
            <Method cyclomaticComplexity="1" nPathComplexity="1" sequenceCoverage="100" branchCoverage="100" isConstructor="False" isGetter="False" isSetter="False" isStatic="True">
              <Summary numSequencePoints="1" visitedSequencePoints="1" numBranchPoints="0" visitedBranchPoints="0" sequenceCoverage="100" branchCoverage="100" maxCyclomaticComplexity="1" minCyclomaticComplexity="1" visitedClasses="0" numClasses="0" visitedMethods="1" numMethods="1" />
              <MetadataToken />
              <Name>System.Boolean Open.Text.EnumValue`1::op_Equality(Open.Text.EnumValue`1&lt;TEnum&gt;,TEnum)</Name>
              <FileRef uid="1" />
              <SequencePoints>
                <SequencePoint vc="3" uspid="138" ordinal="0" sl="138" sc="1" el="138" ec="2" bec="0" bev="0" fileid="1" />
              </SequencePoints>
              <BranchPoints />
              <MethodPoint vc="1" uspid="0" p8:type="SequencePoint" ordinal="11" offset="11" sc="0" sl="138" ec="1" el="138" bec="0" bev="0" fileid="1" xmlns:p8="xsi" />
            </Method>
            <Method cyclomaticComplexity="1" nPathComplexity="1" sequenceCoverage="100" branchCoverage="100" isConstructor="False" isGetter="False" isSetter="False" isStatic="True">
              <Summary numSequencePoints="1" visitedSequencePoints="1" numBranchPoints="0" visitedBranchPoints="0" sequenceCoverage="100" branchCoverage="100" maxCyclomaticComplexity="1" minCyclomaticComplexity="1" visitedClasses="0" numClasses="0" visitedMethods="1" numMethods="1" />
              <MetadataToken />
              <Name>System.Boolean Open.Text.EnumValue`1::op_Inequality(Open.Text.EnumValue`1&lt;TEnum&gt;,TEnum)</Name>
              <FileRef uid="1" />
              <SequencePoints>
                <SequencePoint vc="3" uspid="143" ordinal="0" sl="143" sc="1" el="143" ec="2" bec="0" bev="0" fileid="1" />
              </SequencePoints>
              <BranchPoints />
              <MethodPoint vc="1" uspid="0" p8:type="SequencePoint" ordinal="12" offset="12" sc="0" sl="143" ec="1" el="143" bec="0" bev="0" fileid="1" xmlns:p8="xsi" />
            </Method>
            <Method cyclomaticComplexity="10" nPathComplexity="10" sequenceCoverage="0" branchCoverage="0" isConstructor="False" isGetter="False" isSetter="False" isStatic="True">
              <Summary numSequencePoints="3" visitedSequencePoints="0" numBranchPoints="10" visitedBranchPoints="0" sequenceCoverage="0" branchCoverage="0" maxCyclomaticComplexity="10" minCyclomaticComplexity="10" visitedClasses="0" numClasses="0" visitedMethods="0" numMethods="1" />
              <MetadataToken />
              <Name>System.Boolean Open.Text.EnumValue`1::Equals(System.Object)</Name>
              <FileRef uid="1" />
              <SequencePoints>
                <SequencePoint vc="0" uspid="147" ordinal="0" sl="147" sc="1" el="147" ec="2" bec="10" bev="0" fileid="1" />
                <SequencePoint vc="0" uspid="148" ordinal="1" sl="148" sc="1" el="148" ec="2" bec="0" bev="0" fileid="1" />
                <SequencePoint vc="0" uspid="149" ordinal="2" sl="149" sc="1" el="149" ec="2" bec="0" bev="0" fileid="1" />
              </SequencePoints>
              <BranchPoints>
                <BranchPoint vc="0" uspid="147" ordinal="0" path="0" offset="6" offsetend="8" sl="147" fileid="1" />
                <BranchPoint vc="0" uspid="147" ordinal="1" path="1" offset="6" offsetend="43" sl="147" fileid="1" />
                <BranchPoint vc="0" uspid="147" ordinal="2" path="0" offset="41" offsetend="43" sl="147" fileid="1" />
                <BranchPoint vc="0" uspid="147" ordinal="4" path="0" offset="49" offsetend="51" sl="147" fileid="1" />
                <BranchPoint vc="0" uspid="147" ordinal="5" path="1" offset="49" offsetend="92" sl="147" fileid="1" />
                <BranchPoint vc="0" uspid="147" ordinal="6" path="0" offset="90" offsetend="92" sl="147" fileid="1" />
                <BranchPoint vc="0" uspid="147" ordinal="8" path="0" offset="98" offsetend="100" sl="147" fileid="1" />
                <BranchPoint vc="0" uspid="147" ordinal="9" path="1" offset="98" offsetend="141" sl="147" fileid="1" />
                <BranchPoint vc="0" uspid="147" ordinal="3" path="1" offset="41" offsetend="144" sl="147" fileid="1" />
                <BranchPoint vc="0" uspid="147" ordinal="7" path="1" offset="90" offsetend="144" sl="147" fileid="1" />
              </BranchPoints>
              <MethodPoint vc="0" uspid="0" p8:type="SequencePoint" ordinal="13" offset="13" sc="0" sl="147" ec="1" el="149" bec="0" bev="0" fileid="1" xmlns:p8="xsi" />
            </Method>
            <Method cyclomaticComplexity="1" nPathComplexity="1" sequenceCoverage="0" branchCoverage="100" isConstructor="False" isGetter="False" isSetter="False" isStatic="True">
              <Summary numSequencePoints="1" visitedSequencePoints="0" numBranchPoints="0" visitedBranchPoints="0" sequenceCoverage="0" branchCoverage="100" maxCyclomaticComplexity="1" minCyclomaticComplexity="1" visitedClasses="0" numClasses="0" visitedMethods="0" numMethods="1" />
              <MetadataToken />
              <Name>System.Int32 Open.Text.EnumValue`1::GetHashCode()</Name>
              <FileRef uid="1" />
              <SequencePoints>
                <SequencePoint vc="0" uspid="152" ordinal="0" sl="152" sc="1" el="152" ec="2" bec="0" bev="0" fileid="1" />
              </SequencePoints>
              <BranchPoints />
              <MethodPoint vc="0" uspid="0" p8:type="SequencePoint" ordinal="14" offset="14" sc="0" sl="152" ec="1" el="152" bec="0" bev="0" fileid="1" xmlns:p8="xsi" />
            </Method>
            <Method cyclomaticComplexity="1" nPathComplexity="1" sequenceCoverage="0" branchCoverage="100" isConstructor="False" isGetter="False" isSetter="False" isStatic="True">
              <Summary numSequencePoints="1" visitedSequencePoints="0" numBranchPoints="0" visitedBranchPoints="0" sequenceCoverage="0" branchCoverage="100" maxCyclomaticComplexity="1" minCyclomaticComplexity="1" visitedClasses="0" numClasses="0" visitedMethods="0" numMethods="1" />
              <MetadataToken />
              <Name>Open.Text.EnumValue`1&lt;TEnum&gt; Open.Text.EnumValue`1::op_Implicit(Open.Text.EnumValueCaseIgnored`1&lt;TEnum&gt;)</Name>
              <FileRef uid="1" />
              <SequencePoints>
                <SequencePoint vc="0" uspid="158" ordinal="0" sl="158" sc="1" el="158" ec="2" bec="0" bev="0" fileid="1" />
              </SequencePoints>
              <BranchPoints />
              <MethodPoint vc="0" uspid="0" p8:type="SequencePoint" ordinal="15" offset="15" sc="0" sl="158" ec="1" el="158" bec="0" bev="0" fileid="1" xmlns:p8="xsi" />
            </Method>
            <Method cyclomaticComplexity="1" nPathComplexity="1" sequenceCoverage="100" branchCoverage="100" isConstructor="False" isGetter="False" isSetter="False" isStatic="True">
              <Summary numSequencePoints="1" visitedSequencePoints="1" numBranchPoints="0" visitedBranchPoints="0" sequenceCoverage="100" branchCoverage="100" maxCyclomaticComplexity="1" minCyclomaticComplexity="1" visitedClasses="0" numClasses="0" visitedMethods="1" numMethods="1" />
              <MetadataToken />
              <Name>TEnum Open.Text.EnumValue`1::op_Implicit(Open.Text.EnumValue`1&lt;TEnum&gt;)</Name>
              <FileRef uid="1" />
              <SequencePoints>
                <SequencePoint vc="3" uspid="163" ordinal="0" sl="163" sc="1" el="163" ec="2" bec="0" bev="0" fileid="1" />
              </SequencePoints>
              <BranchPoints />
              <MethodPoint vc="1" uspid="0" p8:type="SequencePoint" ordinal="16" offset="16" sc="0" sl="163" ec="1" el="163" bec="0" bev="0" fileid="1" xmlns:p8="xsi" />
            </Method>
            <Method cyclomaticComplexity="1" nPathComplexity="1" sequenceCoverage="0" branchCoverage="100" isConstructor="False" isGetter="False" isSetter="False" isStatic="True">
              <Summary numSequencePoints="1" visitedSequencePoints="0" numBranchPoints="0" visitedBranchPoints="0" sequenceCoverage="0" branchCoverage="100" maxCyclomaticComplexity="1" minCyclomaticComplexity="1" visitedClasses="0" numClasses="0" visitedMethods="0" numMethods="1" />
              <MetadataToken />
              <Name>Open.Text.EnumValue`1&lt;TEnum&gt; Open.Text.EnumValue`1::op_Implicit(Microsoft.Extensions.Primitives.StringSegment)</Name>
              <FileRef uid="1" />
              <SequencePoints>
                <SequencePoint vc="0" uspid="168" ordinal="0" sl="168" sc="1" el="168" ec="2" bec="0" bev="0" fileid="1" />
              </SequencePoints>
              <BranchPoints />
              <MethodPoint vc="0" uspid="0" p8:type="SequencePoint" ordinal="17" offset="17" sc="0" sl="168" ec="1" el="168" bec="0" bev="0" fileid="1" xmlns:p8="xsi" />
            </Method>
            <Method cyclomaticComplexity="1" nPathComplexity="1" sequenceCoverage="100" branchCoverage="100" isConstructor="False" isGetter="False" isSetter="False" isStatic="True">
              <Summary numSequencePoints="1" visitedSequencePoints="1" numBranchPoints="0" visitedBranchPoints="0" sequenceCoverage="100" branchCoverage="100" maxCyclomaticComplexity="1" minCyclomaticComplexity="1" visitedClasses="0" numClasses="0" visitedMethods="1" numMethods="1" />
              <MetadataToken />
              <Name>Open.Text.EnumValue`1&lt;TEnum&gt; Open.Text.EnumValue`1::op_Implicit(System.String)</Name>
              <FileRef uid="1" />
              <SequencePoints>
                <SequencePoint vc="3" uspid="173" ordinal="0" sl="173" sc="1" el="173" ec="2" bec="0" bev="0" fileid="1" />
              </SequencePoints>
              <BranchPoints />
              <MethodPoint vc="1" uspid="0" p8:type="SequencePoint" ordinal="18" offset="18" sc="0" sl="173" ec="1" el="173" bec="0" bev="0" fileid="1" xmlns:p8="xsi" />
            </Method>
            <Method cyclomaticComplexity="1" nPathComplexity="1" sequenceCoverage="0" branchCoverage="100" isConstructor="False" isGetter="False" isSetter="False" isStatic="True">
              <Summary numSequencePoints="4" visitedSequencePoints="0" numBranchPoints="0" visitedBranchPoints="0" sequenceCoverage="0" branchCoverage="100" maxCyclomaticComplexity="1" minCyclomaticComplexity="1" visitedClasses="0" numClasses="0" visitedMethods="0" numMethods="1" />
              <MetadataToken />
              <Name>System.String Open.Text.EnumValue`1::GetDebuggerDisplay()</Name>
              <FileRef uid="1" />
              <SequencePoints>
                <SequencePoint vc="0" uspid="176" ordinal="0" sl="176" sc="1" el="176" ec="2" bec="0" bev="0" fileid="1" />
                <SequencePoint vc="0" uspid="177" ordinal="1" sl="177" sc="1" el="177" ec="2" bec="0" bev="0" fileid="1" />
                <SequencePoint vc="0" uspid="178" ordinal="2" sl="178" sc="1" el="178" ec="2" bec="0" bev="0" fileid="1" />
                <SequencePoint vc="0" uspid="179" ordinal="3" sl="179" sc="1" el="179" ec="2" bec="0" bev="0" fileid="1" />
              </SequencePoints>
              <BranchPoints />
              <MethodPoint vc="0" uspid="0" p8:type="SequencePoint" ordinal="19" offset="19" sc="0" sl="176" ec="1" el="179" bec="0" bev="0" fileid="1" xmlns:p8="xsi" />
            </Method>
            <Method cyclomaticComplexity="1" nPathComplexity="1" sequenceCoverage="100" branchCoverage="100" isConstructor="True" isGetter="False" isSetter="False" isStatic="True">
              <Summary numSequencePoints="3" visitedSequencePoints="3" numBranchPoints="0" visitedBranchPoints="0" sequenceCoverage="100" branchCoverage="100" maxCyclomaticComplexity="1" minCyclomaticComplexity="1" visitedClasses="0" numClasses="0" visitedMethods="1" numMethods="1" />
              <MetadataToken />
              <Name>System.Void Open.Text.EnumValue`1::.ctor(TEnum)</Name>
              <FileRef uid="1" />
              <SequencePoints>
                <SequencePoint vc="6" uspid="25" ordinal="0" sl="25" sc="1" el="25" ec="2" bec="0" bev="0" fileid="1" />
                <SequencePoint vc="6" uspid="26" ordinal="1" sl="26" sc="1" el="26" ec="2" bec="0" bev="0" fileid="1" />
                <SequencePoint vc="6" uspid="27" ordinal="2" sl="27" sc="1" el="27" ec="2" bec="0" bev="0" fileid="1" />
              </SequencePoints>
              <BranchPoints />
              <MethodPoint vc="3" uspid="0" p8:type="SequencePoint" ordinal="20" offset="20" sc="0" sl="25" ec="1" el="27" bec="0" bev="0" fileid="1" xmlns:p8="xsi" />
            </Method>
            <Method cyclomaticComplexity="1" nPathComplexity="1" sequenceCoverage="100" branchCoverage="100" isConstructor="True" isGetter="False" isSetter="False" isStatic="True">
              <Summary numSequencePoints="3" visitedSequencePoints="3" numBranchPoints="0" visitedBranchPoints="0" sequenceCoverage="100" branchCoverage="100" maxCyclomaticComplexity="1" minCyclomaticComplexity="1" visitedClasses="0" numClasses="0" visitedMethods="1" numMethods="1" />
              <MetadataToken />
              <Name>System.Void Open.Text.EnumValue`1::.ctor(Microsoft.Extensions.Primitives.StringSegment)</Name>
              <FileRef uid="1" />
              <SequencePoints>
                <SequencePoint vc="5" uspid="34" ordinal="0" sl="34" sc="1" el="34" ec="2" bec="0" bev="0" fileid="1" />
                <SequencePoint vc="5" uspid="35" ordinal="1" sl="35" sc="1" el="35" ec="2" bec="0" bev="0" fileid="1" />
                <SequencePoint vc="3" uspid="36" ordinal="2" sl="36" sc="1" el="36" ec="2" bec="0" bev="0" fileid="1" />
              </SequencePoints>
              <BranchPoints />
              <MethodPoint vc="3" uspid="0" p8:type="SequencePoint" ordinal="21" offset="21" sc="0" sl="34" ec="1" el="36" bec="0" bev="0" fileid="1" xmlns:p8="xsi" />
            </Method>
            <Method cyclomaticComplexity="1" nPathComplexity="1" sequenceCoverage="100" branchCoverage="100" isConstructor="True" isGetter="False" isSetter="False" isStatic="True">
              <Summary numSequencePoints="2" visitedSequencePoints="2" numBranchPoints="0" visitedBranchPoints="0" sequenceCoverage="100" branchCoverage="100" maxCyclomaticComplexity="1" minCyclomaticComplexity="1" visitedClasses="0" numClasses="0" visitedMethods="1" numMethods="1" />
              <MetadataToken />
              <Name>System.Void Open.Text.EnumValue`1::.cctor()</Name>
              <FileRef uid="1" />
              <SequencePoints>
                <SequencePoint vc="1" uspid="48" ordinal="0" sl="48" sc="1" el="48" ec="2" bec="0" bev="0" fileid="1" />
                <SequencePoint vc="1" uspid="50" ordinal="1" sl="50" sc="1" el="50" ec="2" bec="0" bev="0" fileid="1" />
              </SequencePoints>
              <BranchPoints />
              <MethodPoint vc="2" uspid="0" p8:type="SequencePoint" ordinal="22" offset="22" sc="0" sl="48" ec="1" el="50" bec="0" bev="0" fileid="1" xmlns:p8="xsi" />
            </Method>
          </Methods>
        </Class>
        <Class>
          <Summary numSequencePoints="29" visitedSequencePoints="14" numBranchPoints="10" visitedBranchPoints="0" sequenceCoverage="48.27" branchCoverage="0" maxCyclomaticComplexity="10" minCyclomaticComplexity="1" visitedClasses="1" numClasses="1" visitedMethods="10" numMethods="20" />
          <FullName>Open.Text.EnumValueCaseIgnored`1</FullName>
          <Methods>
            <Method cyclomaticComplexity="1" nPathComplexity="1" sequenceCoverage="100" branchCoverage="100" isConstructor="False" isGetter="True" isSetter="False" isStatic="True">
              <Summary numSequencePoints="1" visitedSequencePoints="1" numBranchPoints="0" visitedBranchPoints="0" sequenceCoverage="100" branchCoverage="100" maxCyclomaticComplexity="1" minCyclomaticComplexity="1" visitedClasses="0" numClasses="0" visitedMethods="1" numMethods="1" />
              <MetadataToken />
              <Name>TEnum Open.Text.EnumValueCaseIgnored`1::get_Value()</Name>
              <FileRef uid="1" />
              <SequencePoints>
                <SequencePoint vc="24" uspid="209" ordinal="0" sl="209" sc="1" el="209" ec="2" bec="0" bev="0" fileid="1" />
              </SequencePoints>
              <BranchPoints />
              <MethodPoint vc="1" uspid="0" p8:type="SequencePoint" ordinal="0" offset="0" sc="0" sl="209" ec="1" el="209" bec="0" bev="0" fileid="1" xmlns:p8="xsi" />
            </Method>
            <Method cyclomaticComplexity="1" nPathComplexity="1" sequenceCoverage="0" branchCoverage="100" isConstructor="False" isGetter="False" isSetter="False" isStatic="True">
              <Summary numSequencePoints="1" visitedSequencePoints="0" numBranchPoints="0" visitedBranchPoints="0" sequenceCoverage="0" branchCoverage="100" maxCyclomaticComplexity="1" minCyclomaticComplexity="1" visitedClasses="0" numClasses="0" visitedMethods="0" numMethods="1" />
              <MetadataToken />
              <Name>System.String Open.Text.EnumValueCaseIgnored`1::ToString()</Name>
              <FileRef uid="1" />
              <SequencePoints>
                <SequencePoint vc="0" uspid="212" ordinal="0" sl="212" sc="1" el="212" ec="2" bec="0" bev="0" fileid="1" />
              </SequencePoints>
              <BranchPoints />
              <MethodPoint vc="0" uspid="0" p8:type="SequencePoint" ordinal="1" offset="1" sc="0" sl="212" ec="1" el="212" bec="0" bev="0" fileid="1" xmlns:p8="xsi" />
            </Method>
            <Method cyclomaticComplexity="1" nPathComplexity="1" sequenceCoverage="0" branchCoverage="100" isConstructor="False" isGetter="False" isSetter="False" isStatic="True">
              <Summary numSequencePoints="1" visitedSequencePoints="0" numBranchPoints="0" visitedBranchPoints="0" sequenceCoverage="0" branchCoverage="100" maxCyclomaticComplexity="1" minCyclomaticComplexity="1" visitedClasses="0" numClasses="0" visitedMethods="0" numMethods="1" />
              <MetadataToken />
              <Name>System.Boolean Open.Text.EnumValueCaseIgnored`1::Equals(Open.Text.EnumValue`1&lt;TEnum&gt;)</Name>
              <FileRef uid="1" />
              <SequencePoints>
                <SequencePoint vc="0" uspid="215" ordinal="0" sl="215" sc="1" el="215" ec="2" bec="0" bev="0" fileid="1" />
              </SequencePoints>
              <BranchPoints />
              <MethodPoint vc="0" uspid="0" p8:type="SequencePoint" ordinal="2" offset="2" sc="0" sl="215" ec="1" el="215" bec="0" bev="0" fileid="1" xmlns:p8="xsi" />
            </Method>
            <Method cyclomaticComplexity="1" nPathComplexity="1" sequenceCoverage="100" branchCoverage="100" isConstructor="False" isGetter="False" isSetter="False" isStatic="True">
              <Summary numSequencePoints="1" visitedSequencePoints="1" numBranchPoints="0" visitedBranchPoints="0" sequenceCoverage="100" branchCoverage="100" maxCyclomaticComplexity="1" minCyclomaticComplexity="1" visitedClasses="0" numClasses="0" visitedMethods="1" numMethods="1" />
              <MetadataToken />
              <Name>System.Boolean Open.Text.EnumValueCaseIgnored`1::op_Equality(Open.Text.EnumValueCaseIgnored`1&lt;TEnum&gt;,Open.Text.EnumValue`1&lt;TEnum&gt;)</Name>
              <FileRef uid="1" />
              <SequencePoints>
                <SequencePoint vc="3" uspid="220" ordinal="0" sl="220" sc="1" el="220" ec="2" bec="0" bev="0" fileid="1" />
              </SequencePoints>
              <BranchPoints />
              <MethodPoint vc="1" uspid="0" p8:type="SequencePoint" ordinal="3" offset="3" sc="0" sl="220" ec="1" el="220" bec="0" bev="0" fileid="1" xmlns:p8="xsi" />
            </Method>
            <Method cyclomaticComplexity="1" nPathComplexity="1" sequenceCoverage="100" branchCoverage="100" isConstructor="False" isGetter="False" isSetter="False" isStatic="True">
              <Summary numSequencePoints="1" visitedSequencePoints="1" numBranchPoints="0" visitedBranchPoints="0" sequenceCoverage="100" branchCoverage="100" maxCyclomaticComplexity="1" minCyclomaticComplexity="1" visitedClasses="0" numClasses="0" visitedMethods="1" numMethods="1" />
              <MetadataToken />
              <Name>System.Boolean Open.Text.EnumValueCaseIgnored`1::op_Inequality(Open.Text.EnumValueCaseIgnored`1&lt;TEnum&gt;,Open.Text.EnumValue`1&lt;TEnum&gt;)</Name>
              <FileRef uid="1" />
              <SequencePoints>
                <SequencePoint vc="3" uspid="225" ordinal="0" sl="225" sc="1" el="225" ec="2" bec="0" bev="0" fileid="1" />
              </SequencePoints>
              <BranchPoints />
              <MethodPoint vc="1" uspid="0" p8:type="SequencePoint" ordinal="4" offset="4" sc="0" sl="225" ec="1" el="225" bec="0" bev="0" fileid="1" xmlns:p8="xsi" />
            </Method>
            <Method cyclomaticComplexity="1" nPathComplexity="1" sequenceCoverage="0" branchCoverage="100" isConstructor="False" isGetter="False" isSetter="False" isStatic="True">
              <Summary numSequencePoints="1" visitedSequencePoints="0" numBranchPoints="0" visitedBranchPoints="0" sequenceCoverage="0" branchCoverage="100" maxCyclomaticComplexity="1" minCyclomaticComplexity="1" visitedClasses="0" numClasses="0" visitedMethods="0" numMethods="1" />
              <MetadataToken />
              <Name>System.Boolean Open.Text.EnumValueCaseIgnored`1::Equals(Open.Text.EnumValueCaseIgnored`1&lt;TEnum&gt;)</Name>
              <FileRef uid="1" />
              <SequencePoints>
                <SequencePoint vc="0" uspid="228" ordinal="0" sl="228" sc="1" el="228" ec="2" bec="0" bev="0" fileid="1" />
              </SequencePoints>
              <BranchPoints />
              <MethodPoint vc="0" uspid="0" p8:type="SequencePoint" ordinal="5" offset="5" sc="0" sl="228" ec="1" el="228" bec="0" bev="0" fileid="1" xmlns:p8="xsi" />
            </Method>
            <Method cyclomaticComplexity="1" nPathComplexity="1" sequenceCoverage="0" branchCoverage="100" isConstructor="False" isGetter="False" isSetter="False" isStatic="True">
              <Summary numSequencePoints="1" visitedSequencePoints="0" numBranchPoints="0" visitedBranchPoints="0" sequenceCoverage="0" branchCoverage="100" maxCyclomaticComplexity="1" minCyclomaticComplexity="1" visitedClasses="0" numClasses="0" visitedMethods="0" numMethods="1" />
              <MetadataToken />
              <Name>System.Boolean Open.Text.EnumValueCaseIgnored`1::op_Equality(Open.Text.EnumValueCaseIgnored`1&lt;TEnum&gt;,Open.Text.EnumValueCaseIgnored`1&lt;TEnum&gt;)</Name>
              <FileRef uid="1" />
              <SequencePoints>
                <SequencePoint vc="0" uspid="233" ordinal="0" sl="233" sc="1" el="233" ec="2" bec="0" bev="0" fileid="1" />
              </SequencePoints>
              <BranchPoints />
              <MethodPoint vc="0" uspid="0" p8:type="SequencePoint" ordinal="6" offset="6" sc="0" sl="233" ec="1" el="233" bec="0" bev="0" fileid="1" xmlns:p8="xsi" />
            </Method>
            <Method cyclomaticComplexity="1" nPathComplexity="1" sequenceCoverage="0" branchCoverage="100" isConstructor="False" isGetter="False" isSetter="False" isStatic="True">
              <Summary numSequencePoints="1" visitedSequencePoints="0" numBranchPoints="0" visitedBranchPoints="0" sequenceCoverage="0" branchCoverage="100" maxCyclomaticComplexity="1" minCyclomaticComplexity="1" visitedClasses="0" numClasses="0" visitedMethods="0" numMethods="1" />
              <MetadataToken />
              <Name>System.Boolean Open.Text.EnumValueCaseIgnored`1::op_Inequality(Open.Text.EnumValueCaseIgnored`1&lt;TEnum&gt;,Open.Text.EnumValueCaseIgnored`1&lt;TEnum&gt;)</Name>
              <FileRef uid="1" />
              <SequencePoints>
                <SequencePoint vc="0" uspid="238" ordinal="0" sl="238" sc="1" el="238" ec="2" bec="0" bev="0" fileid="1" />
              </SequencePoints>
              <BranchPoints />
              <MethodPoint vc="0" uspid="0" p8:type="SequencePoint" ordinal="7" offset="7" sc="0" sl="238" ec="1" el="238" bec="0" bev="0" fileid="1" xmlns:p8="xsi" />
            </Method>
            <Method cyclomaticComplexity="1" nPathComplexity="1" sequenceCoverage="100" branchCoverage="100" isConstructor="False" isGetter="False" isSetter="False" isStatic="True">
              <Summary numSequencePoints="1" visitedSequencePoints="1" numBranchPoints="0" visitedBranchPoints="0" sequenceCoverage="100" branchCoverage="100" maxCyclomaticComplexity="1" minCyclomaticComplexity="1" visitedClasses="0" numClasses="0" visitedMethods="1" numMethods="1" />
              <MetadataToken />
              <Name>System.Boolean Open.Text.EnumValueCaseIgnored`1::Equals(TEnum)</Name>
              <FileRef uid="1" />
              <SequencePoints>
                <SequencePoint vc="3" uspid="241" ordinal="0" sl="241" sc="1" el="241" ec="2" bec="0" bev="0" fileid="1" />
              </SequencePoints>
              <BranchPoints />
              <MethodPoint vc="1" uspid="0" p8:type="SequencePoint" ordinal="8" offset="8" sc="0" sl="241" ec="1" el="241" bec="0" bev="0" fileid="1" xmlns:p8="xsi" />
            </Method>
            <Method cyclomaticComplexity="1" nPathComplexity="1" sequenceCoverage="100" branchCoverage="100" isConstructor="False" isGetter="False" isSetter="False" isStatic="True">
              <Summary numSequencePoints="1" visitedSequencePoints="1" numBranchPoints="0" visitedBranchPoints="0" sequenceCoverage="100" branchCoverage="100" maxCyclomaticComplexity="1" minCyclomaticComplexity="1" visitedClasses="0" numClasses="0" visitedMethods="1" numMethods="1" />
              <MetadataToken />
              <Name>System.Boolean Open.Text.EnumValueCaseIgnored`1::op_Equality(Open.Text.EnumValueCaseIgnored`1&lt;TEnum&gt;,TEnum)</Name>
              <FileRef uid="1" />
              <SequencePoints>
                <SequencePoint vc="3" uspid="246" ordinal="0" sl="246" sc="1" el="246" ec="2" bec="0" bev="0" fileid="1" />
              </SequencePoints>
              <BranchPoints />
              <MethodPoint vc="1" uspid="0" p8:type="SequencePoint" ordinal="9" offset="9" sc="0" sl="246" ec="1" el="246" bec="0" bev="0" fileid="1" xmlns:p8="xsi" />
            </Method>
            <Method cyclomaticComplexity="1" nPathComplexity="1" sequenceCoverage="100" branchCoverage="100" isConstructor="False" isGetter="False" isSetter="False" isStatic="True">
              <Summary numSequencePoints="1" visitedSequencePoints="1" numBranchPoints="0" visitedBranchPoints="0" sequenceCoverage="100" branchCoverage="100" maxCyclomaticComplexity="1" minCyclomaticComplexity="1" visitedClasses="0" numClasses="0" visitedMethods="1" numMethods="1" />
              <MetadataToken />
              <Name>System.Boolean Open.Text.EnumValueCaseIgnored`1::op_Inequality(Open.Text.EnumValueCaseIgnored`1&lt;TEnum&gt;,TEnum)</Name>
              <FileRef uid="1" />
              <SequencePoints>
                <SequencePoint vc="3" uspid="251" ordinal="0" sl="251" sc="1" el="251" ec="2" bec="0" bev="0" fileid="1" />
              </SequencePoints>
              <BranchPoints />
              <MethodPoint vc="1" uspid="0" p8:type="SequencePoint" ordinal="10" offset="10" sc="0" sl="251" ec="1" el="251" bec="0" bev="0" fileid="1" xmlns:p8="xsi" />
            </Method>
            <Method cyclomaticComplexity="10" nPathComplexity="10" sequenceCoverage="0" branchCoverage="0" isConstructor="False" isGetter="False" isSetter="False" isStatic="True">
              <Summary numSequencePoints="3" visitedSequencePoints="0" numBranchPoints="10" visitedBranchPoints="0" sequenceCoverage="0" branchCoverage="0" maxCyclomaticComplexity="10" minCyclomaticComplexity="10" visitedClasses="0" numClasses="0" visitedMethods="0" numMethods="1" />
              <MetadataToken />
              <Name>System.Boolean Open.Text.EnumValueCaseIgnored`1::Equals(System.Object)</Name>
              <FileRef uid="1" />
              <SequencePoints>
                <SequencePoint vc="0" uspid="255" ordinal="0" sl="255" sc="1" el="255" ec="2" bec="10" bev="0" fileid="1" />
                <SequencePoint vc="0" uspid="256" ordinal="1" sl="256" sc="1" el="256" ec="2" bec="0" bev="0" fileid="1" />
                <SequencePoint vc="0" uspid="257" ordinal="2" sl="257" sc="1" el="257" ec="2" bec="0" bev="0" fileid="1" />
              </SequencePoints>
              <BranchPoints>
                <BranchPoint vc="0" uspid="255" ordinal="0" path="0" offset="6" offsetend="8" sl="255" fileid="1" />
                <BranchPoint vc="0" uspid="255" ordinal="1" path="1" offset="6" offsetend="43" sl="255" fileid="1" />
                <BranchPoint vc="0" uspid="255" ordinal="2" path="0" offset="41" offsetend="43" sl="255" fileid="1" />
                <BranchPoint vc="0" uspid="255" ordinal="4" path="0" offset="49" offsetend="51" sl="255" fileid="1" />
                <BranchPoint vc="0" uspid="255" ordinal="5" path="1" offset="49" offsetend="92" sl="255" fileid="1" />
                <BranchPoint vc="0" uspid="255" ordinal="6" path="0" offset="90" offsetend="92" sl="255" fileid="1" />
                <BranchPoint vc="0" uspid="255" ordinal="8" path="0" offset="98" offsetend="100" sl="255" fileid="1" />
                <BranchPoint vc="0" uspid="255" ordinal="9" path="1" offset="98" offsetend="141" sl="255" fileid="1" />
                <BranchPoint vc="0" uspid="255" ordinal="3" path="1" offset="41" offsetend="144" sl="255" fileid="1" />
                <BranchPoint vc="0" uspid="255" ordinal="7" path="1" offset="90" offsetend="144" sl="255" fileid="1" />
              </BranchPoints>
              <MethodPoint vc="0" uspid="0" p8:type="SequencePoint" ordinal="11" offset="11" sc="0" sl="255" ec="1" el="257" bec="0" bev="0" fileid="1" xmlns:p8="xsi" />
            </Method>
            <Method cyclomaticComplexity="1" nPathComplexity="1" sequenceCoverage="0" branchCoverage="100" isConstructor="False" isGetter="False" isSetter="False" isStatic="True">
              <Summary numSequencePoints="1" visitedSequencePoints="0" numBranchPoints="0" visitedBranchPoints="0" sequenceCoverage="0" branchCoverage="100" maxCyclomaticComplexity="1" minCyclomaticComplexity="1" visitedClasses="0" numClasses="0" visitedMethods="0" numMethods="1" />
              <MetadataToken />
              <Name>System.Int32 Open.Text.EnumValueCaseIgnored`1::GetHashCode()</Name>
              <FileRef uid="1" />
              <SequencePoints>
                <SequencePoint vc="0" uspid="260" ordinal="0" sl="260" sc="1" el="260" ec="2" bec="0" bev="0" fileid="1" />
              </SequencePoints>
              <BranchPoints />
              <MethodPoint vc="0" uspid="0" p8:type="SequencePoint" ordinal="12" offset="12" sc="0" sl="260" ec="1" el="260" bec="0" bev="0" fileid="1" xmlns:p8="xsi" />
            </Method>
            <Method cyclomaticComplexity="1" nPathComplexity="1" sequenceCoverage="0" branchCoverage="100" isConstructor="False" isGetter="False" isSetter="False" isStatic="True">
              <Summary numSequencePoints="1" visitedSequencePoints="0" numBranchPoints="0" visitedBranchPoints="0" sequenceCoverage="0" branchCoverage="100" maxCyclomaticComplexity="1" minCyclomaticComplexity="1" visitedClasses="0" numClasses="0" visitedMethods="0" numMethods="1" />
              <MetadataToken />
              <Name>Open.Text.EnumValueCaseIgnored`1&lt;TEnum&gt; Open.Text.EnumValueCaseIgnored`1::op_Implicit(Open.Text.EnumValue`1&lt;TEnum&gt;)</Name>
              <FileRef uid="1" />
              <SequencePoints>
                <SequencePoint vc="0" uspid="266" ordinal="0" sl="266" sc="1" el="266" ec="2" bec="0" bev="0" fileid="1" />
              </SequencePoints>
              <BranchPoints />
              <MethodPoint vc="0" uspid="0" p8:type="SequencePoint" ordinal="13" offset="13" sc="0" sl="266" ec="1" el="266" bec="0" bev="0" fileid="1" xmlns:p8="xsi" />
            </Method>
            <Method cyclomaticComplexity="1" nPathComplexity="1" sequenceCoverage="100" branchCoverage="100" isConstructor="False" isGetter="False" isSetter="False" isStatic="True">
              <Summary numSequencePoints="1" visitedSequencePoints="1" numBranchPoints="0" visitedBranchPoints="0" sequenceCoverage="100" branchCoverage="100" maxCyclomaticComplexity="1" minCyclomaticComplexity="1" visitedClasses="0" numClasses="0" visitedMethods="1" numMethods="1" />
              <MetadataToken />
              <Name>TEnum Open.Text.EnumValueCaseIgnored`1::op_Implicit(Open.Text.EnumValueCaseIgnored`1&lt;TEnum&gt;)</Name>
              <FileRef uid="1" />
              <SequencePoints>
                <SequencePoint vc="3" uspid="271" ordinal="0" sl="271" sc="1" el="271" ec="2" bec="0" bev="0" fileid="1" />
              </SequencePoints>
              <BranchPoints />
              <MethodPoint vc="1" uspid="0" p8:type="SequencePoint" ordinal="14" offset="14" sc="0" sl="271" ec="1" el="271" bec="0" bev="0" fileid="1" xmlns:p8="xsi" />
            </Method>
            <Method cyclomaticComplexity="1" nPathComplexity="1" sequenceCoverage="0" branchCoverage="100" isConstructor="False" isGetter="False" isSetter="False" isStatic="True">
              <Summary numSequencePoints="1" visitedSequencePoints="0" numBranchPoints="0" visitedBranchPoints="0" sequenceCoverage="0" branchCoverage="100" maxCyclomaticComplexity="1" minCyclomaticComplexity="1" visitedClasses="0" numClasses="0" visitedMethods="0" numMethods="1" />
              <MetadataToken />
              <Name>Open.Text.EnumValueCaseIgnored`1&lt;TEnum&gt; Open.Text.EnumValueCaseIgnored`1::op_Implicit(Microsoft.Extensions.Primitives.StringSegment)</Name>
              <FileRef uid="1" />
              <SequencePoints>
                <SequencePoint vc="0" uspid="276" ordinal="0" sl="276" sc="1" el="276" ec="2" bec="0" bev="0" fileid="1" />
              </SequencePoints>
              <BranchPoints />
              <MethodPoint vc="0" uspid="0" p8:type="SequencePoint" ordinal="15" offset="15" sc="0" sl="276" ec="1" el="276" bec="0" bev="0" fileid="1" xmlns:p8="xsi" />
            </Method>
            <Method cyclomaticComplexity="1" nPathComplexity="1" sequenceCoverage="100" branchCoverage="100" isConstructor="False" isGetter="False" isSetter="False" isStatic="True">
              <Summary numSequencePoints="1" visitedSequencePoints="1" numBranchPoints="0" visitedBranchPoints="0" sequenceCoverage="100" branchCoverage="100" maxCyclomaticComplexity="1" minCyclomaticComplexity="1" visitedClasses="0" numClasses="0" visitedMethods="1" numMethods="1" />
              <MetadataToken />
              <Name>Open.Text.EnumValueCaseIgnored`1&lt;TEnum&gt; Open.Text.EnumValueCaseIgnored`1::op_Implicit(System.String)</Name>
              <FileRef uid="1" />
              <SequencePoints>
                <SequencePoint vc="3" uspid="281" ordinal="0" sl="281" sc="1" el="281" ec="2" bec="0" bev="0" fileid="1" />
              </SequencePoints>
              <BranchPoints />
              <MethodPoint vc="1" uspid="0" p8:type="SequencePoint" ordinal="16" offset="16" sc="0" sl="281" ec="1" el="281" bec="0" bev="0" fileid="1" xmlns:p8="xsi" />
            </Method>
            <Method cyclomaticComplexity="1" nPathComplexity="1" sequenceCoverage="0" branchCoverage="100" isConstructor="False" isGetter="False" isSetter="False" isStatic="True">
              <Summary numSequencePoints="4" visitedSequencePoints="0" numBranchPoints="0" visitedBranchPoints="0" sequenceCoverage="0" branchCoverage="100" maxCyclomaticComplexity="1" minCyclomaticComplexity="1" visitedClasses="0" numClasses="0" visitedMethods="0" numMethods="1" />
              <MetadataToken />
              <Name>System.String Open.Text.EnumValueCaseIgnored`1::GetDebuggerDisplay()</Name>
              <FileRef uid="1" />
              <SequencePoints>
                <SequencePoint vc="0" uspid="284" ordinal="0" sl="284" sc="1" el="284" ec="2" bec="0" bev="0" fileid="1" />
                <SequencePoint vc="0" uspid="285" ordinal="1" sl="285" sc="1" el="285" ec="2" bec="0" bev="0" fileid="1" />
                <SequencePoint vc="0" uspid="286" ordinal="2" sl="286" sc="1" el="286" ec="2" bec="0" bev="0" fileid="1" />
                <SequencePoint vc="0" uspid="287" ordinal="3" sl="287" sc="1" el="287" ec="2" bec="0" bev="0" fileid="1" />
              </SequencePoints>
              <BranchPoints />
              <MethodPoint vc="0" uspid="0" p8:type="SequencePoint" ordinal="17" offset="17" sc="0" sl="284" ec="1" el="287" bec="0" bev="0" fileid="1" xmlns:p8="xsi" />
            </Method>
            <Method cyclomaticComplexity="1" nPathComplexity="1" sequenceCoverage="100" branchCoverage="100" isConstructor="True" isGetter="False" isSetter="False" isStatic="True">
              <Summary numSequencePoints="3" visitedSequencePoints="3" numBranchPoints="0" visitedBranchPoints="0" sequenceCoverage="100" branchCoverage="100" maxCyclomaticComplexity="1" minCyclomaticComplexity="1" visitedClasses="0" numClasses="0" visitedMethods="1" numMethods="1" />
              <MetadataToken />
              <Name>System.Void Open.Text.EnumValueCaseIgnored`1::.ctor(TEnum)</Name>
              <FileRef uid="1" />
              <SequencePoints>
                <SequencePoint vc="6" uspid="195" ordinal="0" sl="195" sc="1" el="195" ec="2" bec="0" bev="0" fileid="1" />
                <SequencePoint vc="6" uspid="196" ordinal="1" sl="196" sc="1" el="196" ec="2" bec="0" bev="0" fileid="1" />
                <SequencePoint vc="6" uspid="197" ordinal="2" sl="197" sc="1" el="197" ec="2" bec="0" bev="0" fileid="1" />
              </SequencePoints>
              <BranchPoints />
              <MethodPoint vc="3" uspid="0" p8:type="SequencePoint" ordinal="18" offset="18" sc="0" sl="195" ec="1" el="197" bec="0" bev="0" fileid="1" xmlns:p8="xsi" />
            </Method>
            <Method cyclomaticComplexity="1" nPathComplexity="1" sequenceCoverage="100" branchCoverage="100" isConstructor="True" isGetter="False" isSetter="False" isStatic="True">
              <Summary numSequencePoints="3" visitedSequencePoints="3" numBranchPoints="0" visitedBranchPoints="0" sequenceCoverage="100" branchCoverage="100" maxCyclomaticComplexity="1" minCyclomaticComplexity="1" visitedClasses="0" numClasses="0" visitedMethods="1" numMethods="1" />
              <MetadataToken />
              <Name>System.Void Open.Text.EnumValueCaseIgnored`1::.ctor(Microsoft.Extensions.Primitives.StringSegment)</Name>
              <FileRef uid="1" />
              <SequencePoints>
                <SequencePoint vc="5" uspid="204" ordinal="0" sl="204" sc="1" el="204" ec="2" bec="0" bev="0" fileid="1" />
                <SequencePoint vc="5" uspid="205" ordinal="1" sl="205" sc="1" el="205" ec="2" bec="0" bev="0" fileid="1" />
                <SequencePoint vc="3" uspid="206" ordinal="2" sl="206" sc="1" el="206" ec="2" bec="0" bev="0" fileid="1" />
              </SequencePoints>
              <BranchPoints />
              <MethodPoint vc="3" uspid="0" p8:type="SequencePoint" ordinal="19" offset="19" sc="0" sl="204" ec="1" el="206" bec="0" bev="0" fileid="1" xmlns:p8="xsi" />
            </Method>
          </Methods>
        </Class>
        <Class>
          <Summary numSequencePoints="26" visitedSequencePoints="26" numBranchPoints="18" visitedBranchPoints="18" sequenceCoverage="100" branchCoverage="100" maxCyclomaticComplexity="14" minCyclomaticComplexity="1" visitedClasses="1" numClasses="1" visitedMethods="5" numMethods="5" />
          <FullName>Open.Text.EnumValue</FullName>
          <Methods>
            <Method cyclomaticComplexity="2" nPathComplexity="2" sequenceCoverage="100" branchCoverage="100" isConstructor="False" isGetter="False" isSetter="False" isStatic="True">
              <Summary numSequencePoints="2" visitedSequencePoints="2" numBranchPoints="2" visitedBranchPoints="2" sequenceCoverage="100" branchCoverage="100" maxCyclomaticComplexity="2" minCyclomaticComplexity="2" visitedClasses="0" numClasses="0" visitedMethods="1" numMethods="1" />
              <MetadataToken />
              <Name>TEnum Open.Text.EnumValue::Parse(Microsoft.Extensions.Primitives.StringSegment)</Name>
              <FileRef uid="1" />
              <SequencePoints>
                <SequencePoint vc="5" uspid="301" ordinal="0" sl="301" sc="1" el="301" ec="2" bec="2" bev="2" fileid="1" />
                <SequencePoint vc="5" uspid="302" ordinal="1" sl="302" sc="1" el="302" ec="2" bec="0" bev="0" fileid="1" />
              </SequencePoints>
              <BranchPoints>
                <BranchPoint vc="2" uspid="301" ordinal="0" path="0" offset="9" offsetend="11" sl="301" fileid="1" />
                <BranchPoint vc="3" uspid="301" ordinal="1" path="1" offset="9" offsetend="38" sl="301" fileid="1" />
              </BranchPoints>
              <MethodPoint vc="2" uspid="0" p8:type="SequencePoint" ordinal="0" offset="0" sc="0" sl="301" ec="1" el="302" bec="0" bev="0" fileid="1" xmlns:p8="xsi" />
            </Method>
            <Method cyclomaticComplexity="2" nPathComplexity="2" sequenceCoverage="100" branchCoverage="100" isConstructor="False" isGetter="False" isSetter="False" isStatic="True">
              <Summary numSequencePoints="2" visitedSequencePoints="2" numBranchPoints="2" visitedBranchPoints="2" sequenceCoverage="100" branchCoverage="100" maxCyclomaticComplexity="2" minCyclomaticComplexity="2" visitedClasses="0" numClasses="0" visitedMethods="1" numMethods="1" />
              <MetadataToken />
              <Name>TEnum Open.Text.EnumValue::Parse(Microsoft.Extensions.Primitives.StringSegment,System.Boolean)</Name>
              <FileRef uid="1" />
              <SequencePoints>
                <SequencePoint vc="5" uspid="307" ordinal="0" sl="307" sc="1" el="307" ec="2" bec="2" bev="2" fileid="1" />
                <SequencePoint vc="5" uspid="308" ordinal="1" sl="308" sc="1" el="308" ec="2" bec="0" bev="0" fileid="1" />
              </SequencePoints>
              <BranchPoints>
                <BranchPoint vc="2" uspid="307" ordinal="0" path="0" offset="9" offsetend="11" sl="307" fileid="1" />
                <BranchPoint vc="3" uspid="307" ordinal="1" path="1" offset="9" offsetend="38" sl="307" fileid="1" />
              </BranchPoints>
              <MethodPoint vc="2" uspid="0" p8:type="SequencePoint" ordinal="1" offset="1" sc="0" sl="307" ec="1" el="308" bec="0" bev="0" fileid="1" xmlns:p8="xsi" />
            </Method>
            <Method cyclomaticComplexity="1" nPathComplexity="1" sequenceCoverage="100" branchCoverage="100" isConstructor="False" isGetter="False" isSetter="False" isStatic="True">
              <Summary numSequencePoints="1" visitedSequencePoints="1" numBranchPoints="0" visitedBranchPoints="0" sequenceCoverage="100" branchCoverage="100" maxCyclomaticComplexity="1" minCyclomaticComplexity="1" visitedClasses="0" numClasses="0" visitedMethods="1" numMethods="1" />
              <MetadataToken />
              <Name>System.Boolean Open.Text.EnumValue::TryParse(Microsoft.Extensions.Primitives.StringSegment,TEnum&amp;)</Name>
              <FileRef uid="1" />
              <SequencePoints>
                <SequencePoint vc="5" uspid="313" ordinal="0" sl="313" sc="1" el="313" ec="2" bec="0" bev="0" fileid="1" />
              </SequencePoints>
              <BranchPoints />
              <MethodPoint vc="1" uspid="0" p8:type="SequencePoint" ordinal="2" offset="2" sc="0" sl="313" ec="1" el="313" bec="0" bev="0" fileid="1" xmlns:p8="xsi" />
            </Method>
            <Method cyclomaticComplexity="14" nPathComplexity="14" sequenceCoverage="100" branchCoverage="100" isConstructor="False" isGetter="False" isSetter="False" isStatic="True">
              <Summary numSequencePoints="20" visitedSequencePoints="20" numBranchPoints="14" visitedBranchPoints="14" sequenceCoverage="100" branchCoverage="100" maxCyclomaticComplexity="14" minCyclomaticComplexity="14" visitedClasses="0" numClasses="0" visitedMethods="1" numMethods="1" />
              <MetadataToken />
              <Name>System.Boolean Open.Text.EnumValue::TryParse(Microsoft.Extensions.Primitives.StringSegment,System.Boolean,TEnum&amp;)</Name>
              <FileRef uid="1" />
              <SequencePoints>
                <SequencePoint vc="20" uspid="324" ordinal="0" sl="324" sc="1" el="324" ec="2" bec="0" bev="0" fileid="1" />
                <SequencePoint vc="20" uspid="325" ordinal="1" sl="325" sc="1" el="325" ec="2" bec="2" bev="2" fileid="1" />
                <SequencePoint vc="20" uspid="326" ordinal="2" sl="326" sc="1" el="326" ec="2" bec="0" bev="0" fileid="1" />
                <SequencePoint vc="20" uspid="327" ordinal="3" sl="327" sc="1" el="327" ec="2" bec="2" bev="2" fileid="1" />
                <SequencePoint vc="20" uspid="328" ordinal="4" sl="328" sc="1" el="328" ec="2" bec="0" bev="0" fileid="1" />
                <SequencePoint vc="20" uspid="329" ordinal="5" sl="329" sc="1" el="329" ec="2" bec="2" bev="2" fileid="1" />
                <SequencePoint vc="20" uspid="330" ordinal="6" sl="330" sc="1" el="330" ec="2" bec="0" bev="0" fileid="1" />
                <SequencePoint vc="20" uspid="331" ordinal="7" sl="331" sc="1" el="331" ec="2" bec="2" bev="2" fileid="1" />
                <SequencePoint vc="20" uspid="333" ordinal="8" sl="333" sc="1" el="333" ec="2" bec="2" bev="2" fileid="1" />
                <SequencePoint vc="117" uspid="334" ordinal="9" sl="334" sc="1" el="334" ec="2" bec="2" bev="2" fileid="1" />
                <SequencePoint vc="33" uspid="335" ordinal="10" sl="335" sc="1" el="335" ec="2" bec="0" bev="0" fileid="1" />
                <SequencePoint vc="33" uspid="336" ordinal="11" sl="336" sc="1" el="336" ec="2" bec="2" bev="2" fileid="1" />
                <SequencePoint vc="9" uspid="337" ordinal="12" sl="337" sc="1" el="337" ec="2" bec="0" bev="0" fileid="1" />
                <SequencePoint vc="9" uspid="338" ordinal="13" sl="338" sc="1" el="338" ec="2" bec="0" bev="0" fileid="1" />
                <SequencePoint vc="9" uspid="339" ordinal="14" sl="339" sc="1" el="339" ec="2" bec="0" bev="0" fileid="1" />
                <SequencePoint vc="24" uspid="341" ordinal="15" sl="341" sc="1" el="341" ec="2" bec="0" bev="0" fileid="1" />
                <SequencePoint vc="11" uspid="343" ordinal="16" sl="343" sc="1" el="343" ec="2" bec="0" bev="0" fileid="1" />
                <SequencePoint vc="11" uspid="344" ordinal="17" sl="344" sc="1" el="344" ec="2" bec="0" bev="0" fileid="1" />
                <SequencePoint vc="11" uspid="345" ordinal="18" sl="345" sc="1" el="345" ec="2" bec="0" bev="0" fileid="1" />
                <SequencePoint vc="20" uspid="346" ordinal="19" sl="346" sc="1" el="346" ec="2" bec="0" bev="0" fileid="1" />
              </SequencePoints>
              <BranchPoints>
                <BranchPoint vc="20" uspid="325" ordinal="1" path="1" offset="15" offsetend="22" sl="325" fileid="1" />
                <BranchPoint vc="20" uspid="327" ordinal="3" path="1" offset="38" offsetend="45" sl="327" fileid="1" />
                <BranchPoint vc="20" uspid="329" ordinal="5" path="1" offset="64" offsetend="68" sl="329" fileid="1" />
                <BranchPoint vc="20" uspid="331" ordinal="7" path="1" offset="80" offsetend="84" sl="331" fileid="1" />
                <BranchPoint vc="10" uspid="333" ordinal="8" path="0" offset="85" offsetend="87" sl="333" fileid="1" />
                <BranchPoint vc="10" uspid="333" ordinal="9" path="1" offset="85" offsetend="90" sl="333" fileid="1" />
                <BranchPoint vc="33" uspid="334" ordinal="13" path="1" offset="173" offsetend="101" sl="334" fileid="1" />
                <BranchPoint vc="9" uspid="336" ordinal="10" path="0" offset="144" offsetend="146" sl="336" fileid="1" />
                <BranchPoint vc="24" uspid="336" ordinal="11" path="1" offset="144" offsetend="160" sl="336" fileid="1" />
                <BranchPoint vc="11" uspid="325" ordinal="0" path="0" offset="15" offsetend="175" sl="325" fileid="1" />
                <BranchPoint vc="11" uspid="327" ordinal="2" path="0" offset="38" offsetend="175" sl="327" fileid="1" />
                <BranchPoint vc="11" uspid="329" ordinal="4" path="0" offset="64" offsetend="175" sl="329" fileid="1" />
                <BranchPoint vc="11" uspid="331" ordinal="6" path="0" offset="80" offsetend="175" sl="331" fileid="1" />
                <BranchPoint vc="11" uspid="334" ordinal="12" path="0" offset="173" offsetend="175" sl="334" fileid="1" />
              </BranchPoints>
              <MethodPoint vc="20" uspid="0" p8:type="SequencePoint" ordinal="3" offset="3" sc="0" sl="324" ec="1" el="346" bec="0" bev="0" fileid="1" xmlns:p8="xsi" />
            </Method>
            <Method cyclomaticComplexity="1" nPathComplexity="1" sequenceCoverage="100" branchCoverage="100" isConstructor="False" isGetter="False" isSetter="False" isStatic="True">
              <Summary numSequencePoints="1" visitedSequencePoints="1" numBranchPoints="0" visitedBranchPoints="0" sequenceCoverage="100" branchCoverage="100" maxCyclomaticComplexity="1" minCyclomaticComplexity="1" visitedClasses="0" numClasses="0" visitedMethods="1" numMethods="1" />
              <MetadataToken />
              <Name>System.String Open.Text.EnumValue::GetName(TEnum)</Name>
              <FileRef uid="1" />
              <SequencePoints>
                <SequencePoint vc="3" uspid="356" ordinal="0" sl="356" sc="1" el="356" ec="2" bec="0" bev="0" fileid="1" />
              </SequencePoints>
              <BranchPoints />
              <MethodPoint vc="1" uspid="0" p8:type="SequencePoint" ordinal="4" offset="4" sc="0" sl="356" ec="1" el="356" bec="0" bev="0" fileid="1" xmlns:p8="xsi" />
            </Method>
          </Methods>
        </Class>
        <Class>
          <Summary numSequencePoints="133" visitedSequencePoints="102" numBranchPoints="132" visitedBranchPoints="101" sequenceCoverage="76.69" branchCoverage="76.51" maxCyclomaticComplexity="14" minCyclomaticComplexity="1" visitedClasses="1" numClasses="1" visitedMethods="12" numMethods="20" />
          <FullName>Open.Text.TextExtensions</FullName>
          <Methods>
            <Method cyclomaticComplexity="10" nPathComplexity="10" sequenceCoverage="100" branchCoverage="100" isConstructor="False" isGetter="False" isSetter="False" isStatic="True">
              <Summary numSequencePoints="10" visitedSequencePoints="10" numBranchPoints="10" visitedBranchPoints="10" sequenceCoverage="100" branchCoverage="100" maxCyclomaticComplexity="10" minCyclomaticComplexity="10" visitedClasses="0" numClasses="0" visitedMethods="1" numMethods="1" />
              <MetadataToken />
              <Name>System.Boolean Open.Text.TextExtensions::Equals(System.ReadOnlySpan`1&lt;System.Char&gt;,Microsoft.Extensions.Primitives.StringSegment,System.StringComparison)</Name>
              <FileRef uid="2" />
              <SequencePoints>
                <SequencePoint vc="52" uspid="16" ordinal="0" sl="16" sc="1" el="16" ec="2" bec="0" bev="0" fileid="2" />
                <SequencePoint vc="53" uspid="17" ordinal="1" sl="17" sc="1" el="17" ec="2" bec="2" bev="2" fileid="2" />
                <SequencePoint vc="51" uspid="18" ordinal="2" sl="18" sc="1" el="18" ec="2" bec="0" bev="0" fileid="2" />
                <SequencePoint vc="51" uspid="19" ordinal="3" sl="19" sc="1" el="19" ec="2" bec="6" bev="6" fileid="2" />
                <SequencePoint vc="51" uspid="20" ordinal="4" sl="20" sc="1" el="20" ec="2" bec="0" bev="0" fileid="2" />
                <SequencePoint vc="3" uspid="21" ordinal="5" sl="21" sc="1" el="21" ec="2" bec="0" bev="0" fileid="2" />
                <SequencePoint vc="8" uspid="22" ordinal="6" sl="22" sc="1" el="22" ec="2" bec="2" bev="2" fileid="2" />
                <SequencePoint vc="41" uspid="23" ordinal="7" sl="23" sc="1" el="23" ec="2" bec="0" bev="0" fileid="2" />
                <SequencePoint vc="51" uspid="24" ordinal="8" sl="24" sc="1" el="24" ec="2" bec="0" bev="0" fileid="2" />
                <SequencePoint vc="52" uspid="25" ordinal="9" sl="25" sc="1" el="25" ec="2" bec="0" bev="0" fileid="2" />
              </SequencePoints>
              <BranchPoints>
                <BranchPoint vc="1" uspid="17" ordinal="0" path="0" offset="13" offsetend="15" sl="17" fileid="2" />
                <BranchPoint vc="51" uspid="17" ordinal="1" path="1" offset="13" offsetend="19" sl="17" fileid="2" />
                <BranchPoint vc="47" uspid="19" ordinal="2" path="0" offset="43" offsetend="45" sl="19" fileid="2" />
                <BranchPoint vc="44" uspid="19" ordinal="4" path="0" offset="54" offsetend="58" sl="19" fileid="2" />
                <BranchPoint vc="3" uspid="19" ordinal="5" path="1" offset="54" offsetend="65" sl="19" fileid="2" />
                <BranchPoint vc="5" uspid="19" ordinal="7" path="1" offset="61" offsetend="70" sl="19" fileid="2" />
                <BranchPoint vc="3" uspid="22" ordinal="9" path="1" offset="72" offsetend="76" sl="22" fileid="2" />
                <BranchPoint vc="41" uspid="19" ordinal="6" path="0" offset="61" offsetend="99" sl="19" fileid="2" />
                <BranchPoint vc="41" uspid="22" ordinal="8" path="0" offset="72" offsetend="99" sl="22" fileid="2" />
                <BranchPoint vc="51" uspid="19" ordinal="3" path="1" offset="43" offsetend="125" sl="19" fileid="2" />
              </BranchPoints>
              <MethodPoint vc="10" uspid="0" p8:type="SequencePoint" ordinal="0" offset="0" sc="0" sl="16" ec="1" el="25" bec="0" bev="0" fileid="2" xmlns:p8="xsi" />
            </Method>
            <Method cyclomaticComplexity="10" nPathComplexity="10" sequenceCoverage="100" branchCoverage="100" isConstructor="False" isGetter="False" isSetter="False" isStatic="True">
              <Summary numSequencePoints="10" visitedSequencePoints="10" numBranchPoints="10" visitedBranchPoints="10" sequenceCoverage="100" branchCoverage="100" maxCyclomaticComplexity="10" minCyclomaticComplexity="10" visitedClasses="0" numClasses="0" visitedMethods="1" numMethods="1" />
              <MetadataToken />
              <Name>System.Boolean Open.Text.TextExtensions::Equals(System.Span`1&lt;System.Char&gt;,Microsoft.Extensions.Primitives.StringSegment,System.StringComparison)</Name>
              <FileRef uid="2" />
              <SequencePoints>
                <SequencePoint vc="12" uspid="29" ordinal="0" sl="29" sc="1" el="29" ec="2" bec="0" bev="0" fileid="2" />
                <SequencePoint vc="13" uspid="30" ordinal="1" sl="30" sc="1" el="30" ec="2" bec="2" bev="2" fileid="2" />
                <SequencePoint vc="11" uspid="31" ordinal="2" sl="31" sc="1" el="31" ec="2" bec="0" bev="0" fileid="2" />
                <SequencePoint vc="11" uspid="32" ordinal="3" sl="32" sc="1" el="32" ec="2" bec="6" bev="6" fileid="2" />
                <SequencePoint vc="11" uspid="33" ordinal="4" sl="33" sc="1" el="33" ec="2" bec="0" bev="0" fileid="2" />
                <SequencePoint vc="1" uspid="34" ordinal="5" sl="34" sc="1" el="34" ec="2" bec="0" bev="0" fileid="2" />
                <SequencePoint vc="8" uspid="35" ordinal="6" sl="35" sc="1" el="35" ec="2" bec="2" bev="2" fileid="2" />
                <SequencePoint vc="3" uspid="36" ordinal="7" sl="36" sc="1" el="36" ec="2" bec="0" bev="0" fileid="2" />
                <SequencePoint vc="11" uspid="37" ordinal="8" sl="37" sc="1" el="37" ec="2" bec="0" bev="0" fileid="2" />
                <SequencePoint vc="12" uspid="38" ordinal="9" sl="38" sc="1" el="38" ec="2" bec="0" bev="0" fileid="2" />
              </SequencePoints>
              <BranchPoints>
                <BranchPoint vc="1" uspid="30" ordinal="0" path="0" offset="13" offsetend="15" sl="30" fileid="2" />
                <BranchPoint vc="11" uspid="30" ordinal="1" path="1" offset="13" offsetend="19" sl="30" fileid="2" />
                <BranchPoint vc="7" uspid="32" ordinal="2" path="0" offset="43" offsetend="45" sl="32" fileid="2" />
                <BranchPoint vc="6" uspid="32" ordinal="4" path="0" offset="54" offsetend="58" sl="32" fileid="2" />
                <BranchPoint vc="1" uspid="32" ordinal="5" path="1" offset="54" offsetend="65" sl="32" fileid="2" />
                <BranchPoint vc="5" uspid="32" ordinal="7" path="1" offset="61" offsetend="70" sl="32" fileid="2" />
                <BranchPoint vc="3" uspid="35" ordinal="9" path="1" offset="72" offsetend="76" sl="35" fileid="2" />
                <BranchPoint vc="3" uspid="32" ordinal="6" path="0" offset="61" offsetend="99" sl="32" fileid="2" />
                <BranchPoint vc="3" uspid="35" ordinal="8" path="0" offset="72" offsetend="99" sl="35" fileid="2" />
                <BranchPoint vc="11" uspid="32" ordinal="3" path="1" offset="43" offsetend="130" sl="32" fileid="2" />
              </BranchPoints>
              <MethodPoint vc="10" uspid="0" p8:type="SequencePoint" ordinal="1" offset="1" sc="0" sl="29" ec="1" el="38" bec="0" bev="0" fileid="2" xmlns:p8="xsi" />
            </Method>
            <Method cyclomaticComplexity="8" nPathComplexity="8" sequenceCoverage="100" branchCoverage="100" isConstructor="False" isGetter="False" isSetter="False" isStatic="True">
              <Summary numSequencePoints="9" visitedSequencePoints="9" numBranchPoints="8" visitedBranchPoints="8" sequenceCoverage="100" branchCoverage="100" maxCyclomaticComplexity="8" minCyclomaticComplexity="8" visitedClasses="0" numClasses="0" visitedMethods="1" numMethods="1" />
              <MetadataToken />
              <Name>System.Boolean Open.Text.TextExtensions::Equals(System.Span`1&lt;System.Char&gt;,System.ReadOnlySpan`1&lt;System.Char&gt;,System.StringComparison)</Name>
              <FileRef uid="2" />
              <SequencePoints>
                <SequencePoint vc="22" uspid="48" ordinal="0" sl="48" sc="1" el="48" ec="2" bec="0" bev="0" fileid="2" />
                <SequencePoint vc="22" uspid="49" ordinal="1" sl="49" sc="1" el="49" ec="2" bec="0" bev="0" fileid="2" />
                <SequencePoint vc="22" uspid="50" ordinal="2" sl="50" sc="1" el="50" ec="2" bec="6" bev="6" fileid="2" />
                <SequencePoint vc="22" uspid="51" ordinal="3" sl="51" sc="1" el="51" ec="2" bec="0" bev="0" fileid="2" />
                <SequencePoint vc="2" uspid="52" ordinal="4" sl="52" sc="1" el="52" ec="2" bec="0" bev="0" fileid="2" />
                <SequencePoint vc="16" uspid="53" ordinal="5" sl="53" sc="1" el="53" ec="2" bec="2" bev="2" fileid="2" />
                <SequencePoint vc="6" uspid="54" ordinal="6" sl="54" sc="1" el="54" ec="2" bec="0" bev="0" fileid="2" />
                <SequencePoint vc="22" uspid="55" ordinal="7" sl="55" sc="1" el="55" ec="2" bec="0" bev="0" fileid="2" />
                <SequencePoint vc="22" uspid="56" ordinal="8" sl="56" sc="1" el="56" ec="2" bec="0" bev="0" fileid="2" />
              </SequencePoints>
              <BranchPoints>
                <BranchPoint vc="14" uspid="50" ordinal="0" path="0" offset="23" offsetend="25" sl="50" fileid="2" />
                <BranchPoint vc="12" uspid="50" ordinal="2" path="0" offset="34" offsetend="38" sl="50" fileid="2" />
                <BranchPoint vc="2" uspid="50" ordinal="3" path="1" offset="34" offsetend="45" sl="50" fileid="2" />
                <BranchPoint vc="10" uspid="50" ordinal="5" path="1" offset="41" offsetend="49" sl="50" fileid="2" />
                <BranchPoint vc="6" uspid="53" ordinal="7" path="1" offset="51" offsetend="55" sl="53" fileid="2" />
                <BranchPoint vc="6" uspid="50" ordinal="4" path="0" offset="41" offsetend="78" sl="50" fileid="2" />
                <BranchPoint vc="6" uspid="53" ordinal="6" path="0" offset="51" offsetend="78" sl="53" fileid="2" />
                <BranchPoint vc="22" uspid="50" ordinal="1" path="1" offset="23" offsetend="100" sl="50" fileid="2" />
              </BranchPoints>
              <MethodPoint vc="9" uspid="0" p8:type="SequencePoint" ordinal="2" offset="2" sc="0" sl="48" ec="1" el="56" bec="0" bev="0" fileid="2" xmlns:p8="xsi" />
            </Method>
            <Method cyclomaticComplexity="10" nPathComplexity="10" sequenceCoverage="100" branchCoverage="100" isConstructor="False" isGetter="False" isSetter="False" isStatic="True">
              <Summary numSequencePoints="10" visitedSequencePoints="10" numBranchPoints="10" visitedBranchPoints="10" sequenceCoverage="100" branchCoverage="100" maxCyclomaticComplexity="10" minCyclomaticComplexity="10" visitedClasses="0" numClasses="0" visitedMethods="1" numMethods="1" />
[...]
              <MetadataToken />
              <Name>System.Boolean Open.Text.StringComparable::op_Inequality(Open.Text.StringComparable,System.ReadOnlySpan`1&lt;System.Char&gt;)</Name>
              <FileRef uid="9" />
              <SequencePoints>
                <SequencePoint vc="0" uspid="148" ordinal="0" sl="148" sc="1" el="148" ec="2" bec="0" bev="0" fileid="9" />
              </SequencePoints>
              <BranchPoints />
              <MethodPoint vc="0" uspid="0" p8:type="SequencePoint" ordinal="19" offset="19" sc="0" sl="148" ec="1" el="148" bec="0" bev="0" fileid="9" xmlns:p8="xsi" />
            </Method>
            <Method cyclomaticComplexity="1" nPathComplexity="1" sequenceCoverage="100" branchCoverage="100" isConstructor="False" isGetter="False" isSetter="False" isStatic="True">
              <Summary numSequencePoints="1" visitedSequencePoints="1" numBranchPoints="0" visitedBranchPoints="0" sequenceCoverage="100" branchCoverage="100" maxCyclomaticComplexity="1" minCyclomaticComplexity="1" visitedClasses="0" numClasses="0" visitedMethods="1" numMethods="1" />
              <MetadataToken />
              <Name>System.Boolean Open.Text.StringComparable::op_Equality(Open.Text.StringComparable,Open.Text.SpanComparable)</Name>
              <FileRef uid="9" />
              <SequencePoints>
                <SequencePoint vc="16" uspid="153" ordinal="0" sl="153" sc="1" el="153" ec="2" bec="0" bev="0" fileid="9" />
              </SequencePoints>
              <BranchPoints />
              <MethodPoint vc="1" uspid="0" p8:type="SequencePoint" ordinal="20" offset="20" sc="0" sl="153" ec="1" el="153" bec="0" bev="0" fileid="9" xmlns:p8="xsi" />
            </Method>
            <Method cyclomaticComplexity="1" nPathComplexity="1" sequenceCoverage="0" branchCoverage="100" isConstructor="False" isGetter="False" isSetter="False" isStatic="True">
              <Summary numSequencePoints="1" visitedSequencePoints="0" numBranchPoints="0" visitedBranchPoints="0" sequenceCoverage="0" branchCoverage="100" maxCyclomaticComplexity="1" minCyclomaticComplexity="1" visitedClasses="0" numClasses="0" visitedMethods="0" numMethods="1" />
              <MetadataToken />
              <Name>System.Boolean Open.Text.StringComparable::op_Inequality(Open.Text.StringComparable,Open.Text.SpanComparable)</Name>
              <FileRef uid="9" />
              <SequencePoints>
                <SequencePoint vc="0" uspid="158" ordinal="0" sl="158" sc="1" el="158" ec="2" bec="0" bev="0" fileid="9" />
              </SequencePoints>
              <BranchPoints />
              <MethodPoint vc="0" uspid="0" p8:type="SequencePoint" ordinal="21" offset="21" sc="0" sl="158" ec="1" el="158" bec="0" bev="0" fileid="9" xmlns:p8="xsi" />
            </Method>
            <Method cyclomaticComplexity="2" nPathComplexity="2" sequenceCoverage="0" branchCoverage="0" isConstructor="True" isGetter="False" isSetter="False" isStatic="True">
              <Summary numSequencePoints="5" visitedSequencePoints="0" numBranchPoints="2" visitedBranchPoints="0" sequenceCoverage="0" branchCoverage="0" maxCyclomaticComplexity="2" minCyclomaticComplexity="2" visitedClasses="0" numClasses="0" visitedMethods="0" numMethods="1" />
              <MetadataToken />
              <Name>System.Void Open.Text.StringComparable::.ctor(Microsoft.Extensions.Primitives.StringSegment,System.StringComparison)</Name>
              <FileRef uid="9" />
              <SequencePoints>
                <SequencePoint vc="0" uspid="17" ordinal="0" sl="17" sc="1" el="17" ec="2" bec="0" bev="0" fileid="9" />
                <SequencePoint vc="0" uspid="18" ordinal="1" sl="18" sc="1" el="18" ec="2" bec="2" bev="0" fileid="9" />
                <SequencePoint vc="0" uspid="19" ordinal="2" sl="19" sc="1" el="19" ec="2" bec="0" bev="0" fileid="9" />
                <SequencePoint vc="0" uspid="20" ordinal="3" sl="20" sc="1" el="20" ec="2" bec="0" bev="0" fileid="9" />
                <SequencePoint vc="0" uspid="21" ordinal="4" sl="21" sc="1" el="21" ec="2" bec="0" bev="0" fileid="9" />
              </SequencePoints>
              <BranchPoints>
                <BranchPoint vc="0" uspid="18" ordinal="0" path="0" offset="13" offsetend="15" sl="18" fileid="9" />
                <BranchPoint vc="0" uspid="18" ordinal="1" path="1" offset="13" offsetend="31" sl="18" fileid="9" />
              </BranchPoints>
              <MethodPoint vc="0" uspid="0" p8:type="SequencePoint" ordinal="22" offset="22" sc="0" sl="17" ec="1" el="21" bec="0" bev="0" fileid="9" xmlns:p8="xsi" />
            </Method>
            <Method cyclomaticComplexity="2" nPathComplexity="2" sequenceCoverage="100" branchCoverage="50" isConstructor="True" isGetter="False" isSetter="False" isStatic="True">
              <Summary numSequencePoints="5" visitedSequencePoints="5" numBranchPoints="2" visitedBranchPoints="1" sequenceCoverage="100" branchCoverage="50" maxCyclomaticComplexity="2" minCyclomaticComplexity="2" visitedClasses="0" numClasses="0" visitedMethods="1" numMethods="1" />
              <MetadataToken />
              <Name>System.Void Open.Text.StringComparable::.ctor(System.String,System.StringComparison)</Name>
              <FileRef uid="9" />
              <SequencePoints>
                <SequencePoint vc="20" uspid="28" ordinal="0" sl="28" sc="1" el="28" ec="2" bec="0" bev="0" fileid="9" />
                <SequencePoint vc="20" uspid="29" ordinal="1" sl="29" sc="1" el="29" ec="2" bec="2" bev="1" fileid="9" />
                <SequencePoint vc="20" uspid="30" ordinal="2" sl="30" sc="1" el="30" ec="2" bec="0" bev="0" fileid="9" />
                <SequencePoint vc="20" uspid="31" ordinal="3" sl="31" sc="1" el="31" ec="2" bec="0" bev="0" fileid="9" />
                <SequencePoint vc="20" uspid="32" ordinal="4" sl="32" sc="1" el="32" ec="2" bec="0" bev="0" fileid="9" />
              </SequencePoints>
              <BranchPoints>
                <BranchPoint vc="0" uspid="29" ordinal="0" path="0" offset="7" offsetend="9" sl="29" fileid="9" />
                <BranchPoint vc="20" uspid="29" ordinal="1" path="1" offset="7" offsetend="20" sl="29" fileid="9" />
              </BranchPoints>
              <MethodPoint vc="5" uspid="0" p8:type="SequencePoint" ordinal="23" offset="23" sc="0" sl="28" ec="1" el="32" bec="0" bev="0" fileid="9" xmlns:p8="xsi" />
            </Method>
          </Methods>
        </Class>
        <Class>
          <Summary numSequencePoints="12" visitedSequencePoints="2" numBranchPoints="0" visitedBranchPoints="0" sequenceCoverage="16.66" branchCoverage="100" maxCyclomaticComplexity="1" minCyclomaticComplexity="1" visitedClasses="1" numClasses="1" visitedMethods="2" numMethods="12" />
          <FullName>Open.Text.StringComparableExtensions</FullName>
          <Methods>
            <Method cyclomaticComplexity="1" nPathComplexity="1" sequenceCoverage="100" branchCoverage="100" isConstructor="False" isGetter="False" isSetter="False" isStatic="True">
              <Summary numSequencePoints="1" visitedSequencePoints="1" numBranchPoints="0" visitedBranchPoints="0" sequenceCoverage="100" branchCoverage="100" maxCyclomaticComplexity="1" minCyclomaticComplexity="1" visitedClasses="0" numClasses="0" visitedMethods="1" numMethods="1" />
              <MetadataToken />
              <Name>Open.Text.StringComparable Open.Text.StringComparableExtensions::AsComparable(System.String,System.StringComparison)</Name>
              <FileRef uid="9" />
              <SequencePoints>
                <SequencePoint vc="16" uspid="169" ordinal="0" sl="169" sc="1" el="169" ec="2" bec="0" bev="0" fileid="9" />
              </SequencePoints>
              <BranchPoints />
              <MethodPoint vc="1" uspid="0" p8:type="SequencePoint" ordinal="0" offset="0" sc="0" sl="169" ec="1" el="169" bec="0" bev="0" fileid="9" xmlns:p8="xsi" />
            </Method>
            <Method cyclomaticComplexity="1" nPathComplexity="1" sequenceCoverage="100" branchCoverage="100" isConstructor="False" isGetter="False" isSetter="False" isStatic="True">
              <Summary numSequencePoints="1" visitedSequencePoints="1" numBranchPoints="0" visitedBranchPoints="0" sequenceCoverage="100" branchCoverage="100" maxCyclomaticComplexity="1" minCyclomaticComplexity="1" visitedClasses="0" numClasses="0" visitedMethods="1" numMethods="1" />
              <MetadataToken />
              <Name>Open.Text.StringComparable Open.Text.StringComparableExtensions::AsCaseInsensitive(System.String)</Name>
              <FileRef uid="9" />
              <SequencePoints>
                <SequencePoint vc="4" uspid="176" ordinal="0" sl="176" sc="1" el="176" ec="2" bec="0" bev="0" fileid="9" />
              </SequencePoints>
              <BranchPoints />
              <MethodPoint vc="1" uspid="0" p8:type="SequencePoint" ordinal="1" offset="1" sc="0" sl="176" ec="1" el="176" bec="0" bev="0" fileid="9" xmlns:p8="xsi" />
            </Method>
            <Method cyclomaticComplexity="1" nPathComplexity="1" sequenceCoverage="0" branchCoverage="100" isConstructor="False" isGetter="False" isSetter="False" isStatic="True">
              <Summary numSequencePoints="1" visitedSequencePoints="0" numBranchPoints="0" visitedBranchPoints="0" sequenceCoverage="0" branchCoverage="100" maxCyclomaticComplexity="1" minCyclomaticComplexity="1" visitedClasses="0" numClasses="0" visitedMethods="0" numMethods="1" />
              <MetadataToken />
              <Name>Open.Text.StringComparable Open.Text.StringComparableExtensions::AsCaseInsensitiveInvariantCulture(System.String)</Name>
              <FileRef uid="9" />
              <SequencePoints>
                <SequencePoint vc="0" uspid="183" ordinal="0" sl="183" sc="1" el="183" ec="2" bec="0" bev="0" fileid="9" />
              </SequencePoints>
              <BranchPoints />
              <MethodPoint vc="0" uspid="0" p8:type="SequencePoint" ordinal="2" offset="2" sc="0" sl="183" ec="1" el="183" bec="0" bev="0" fileid="9" xmlns:p8="xsi" />
            </Method>
            <Method cyclomaticComplexity="1" nPathComplexity="1" sequenceCoverage="0" branchCoverage="100" isConstructor="False" isGetter="False" isSetter="False" isStatic="True">
              <Summary numSequencePoints="1" visitedSequencePoints="0" numBranchPoints="0" visitedBranchPoints="0" sequenceCoverage="0" branchCoverage="100" maxCyclomaticComplexity="1" minCyclomaticComplexity="1" visitedClasses="0" numClasses="0" visitedMethods="0" numMethods="1" />
              <MetadataToken />
              <Name>Open.Text.StringComparable Open.Text.StringComparableExtensions::AsCaseInsensitiveCurrentCulture(System.String)</Name>
              <FileRef uid="9" />
              <SequencePoints>
                <SequencePoint vc="0" uspid="190" ordinal="0" sl="190" sc="1" el="190" ec="2" bec="0" bev="0" fileid="9" />
              </SequencePoints>
              <BranchPoints />
              <MethodPoint vc="0" uspid="0" p8:type="SequencePoint" ordinal="3" offset="3" sc="0" sl="190" ec="1" el="190" bec="0" bev="0" fileid="9" xmlns:p8="xsi" />
            </Method>
            <Method cyclomaticComplexity="1" nPathComplexity="1" sequenceCoverage="0" branchCoverage="100" isConstructor="False" isGetter="False" isSetter="False" isStatic="True">
              <Summary numSequencePoints="1" visitedSequencePoints="0" numBranchPoints="0" visitedBranchPoints="0" sequenceCoverage="0" branchCoverage="100" maxCyclomaticComplexity="1" minCyclomaticComplexity="1" visitedClasses="0" numClasses="0" visitedMethods="0" numMethods="1" />
              <MetadataToken />
              <Name>Open.Text.StringComparable Open.Text.StringComparableExtensions::AsCurrentCulture(System.String)</Name>
              <FileRef uid="9" />
              <SequencePoints>
                <SequencePoint vc="0" uspid="197" ordinal="0" sl="197" sc="1" el="197" ec="2" bec="0" bev="0" fileid="9" />
              </SequencePoints>
              <BranchPoints />
              <MethodPoint vc="0" uspid="0" p8:type="SequencePoint" ordinal="4" offset="4" sc="0" sl="197" ec="1" el="197" bec="0" bev="0" fileid="9" xmlns:p8="xsi" />
            </Method>
            <Method cyclomaticComplexity="1" nPathComplexity="1" sequenceCoverage="0" branchCoverage="100" isConstructor="False" isGetter="False" isSetter="False" isStatic="True">
              <Summary numSequencePoints="1" visitedSequencePoints="0" numBranchPoints="0" visitedBranchPoints="0" sequenceCoverage="0" branchCoverage="100" maxCyclomaticComplexity="1" minCyclomaticComplexity="1" visitedClasses="0" numClasses="0" visitedMethods="0" numMethods="1" />
              <MetadataToken />
              <Name>Open.Text.StringComparable Open.Text.StringComparableExtensions::AsInvariantCulture(System.String)</Name>
              <FileRef uid="9" />
              <SequencePoints>
                <SequencePoint vc="0" uspid="203" ordinal="0" sl="203" sc="1" el="203" ec="2" bec="0" bev="0" fileid="9" />
              </SequencePoints>
              <BranchPoints />
              <MethodPoint vc="0" uspid="0" p8:type="SequencePoint" ordinal="5" offset="5" sc="0" sl="203" ec="1" el="203" bec="0" bev="0" fileid="9" xmlns:p8="xsi" />
            </Method>
            <Method cyclomaticComplexity="1" nPathComplexity="1" sequenceCoverage="0" branchCoverage="100" isConstructor="False" isGetter="False" isSetter="False" isStatic="True">
              <Summary numSequencePoints="1" visitedSequencePoints="0" numBranchPoints="0" visitedBranchPoints="0" sequenceCoverage="0" branchCoverage="100" maxCyclomaticComplexity="1" minCyclomaticComplexity="1" visitedClasses="0" numClasses="0" visitedMethods="0" numMethods="1" />
              <MetadataToken />
              <Name>Open.Text.StringComparable Open.Text.StringComparableExtensions::AsComparable(Microsoft.Extensions.Primitives.StringSegment,System.StringComparison)</Name>
              <FileRef uid="9" />
              <SequencePoints>
                <SequencePoint vc="0" uspid="210" ordinal="0" sl="210" sc="1" el="210" ec="2" bec="0" bev="0" fileid="9" />
              </SequencePoints>
              <BranchPoints />
              <MethodPoint vc="0" uspid="0" p8:type="SequencePoint" ordinal="6" offset="6" sc="0" sl="210" ec="1" el="210" bec="0" bev="0" fileid="9" xmlns:p8="xsi" />
            </Method>
            <Method cyclomaticComplexity="1" nPathComplexity="1" sequenceCoverage="0" branchCoverage="100" isConstructor="False" isGetter="False" isSetter="False" isStatic="True">
              <Summary numSequencePoints="1" visitedSequencePoints="0" numBranchPoints="0" visitedBranchPoints="0" sequenceCoverage="0" branchCoverage="100" maxCyclomaticComplexity="1" minCyclomaticComplexity="1" visitedClasses="0" numClasses="0" visitedMethods="0" numMethods="1" />
              <MetadataToken />
              <Name>Open.Text.StringComparable Open.Text.StringComparableExtensions::AsCaseInsensitive(Microsoft.Extensions.Primitives.StringSegment)</Name>
              <FileRef uid="9" />
              <SequencePoints>
                <SequencePoint vc="0" uspid="217" ordinal="0" sl="217" sc="1" el="217" ec="2" bec="0" bev="0" fileid="9" />
              </SequencePoints>
              <BranchPoints />
              <MethodPoint vc="0" uspid="0" p8:type="SequencePoint" ordinal="7" offset="7" sc="0" sl="217" ec="1" el="217" bec="0" bev="0" fileid="9" xmlns:p8="xsi" />
            </Method>
            <Method cyclomaticComplexity="1" nPathComplexity="1" sequenceCoverage="0" branchCoverage="100" isConstructor="False" isGetter="False" isSetter="False" isStatic="True">
              <Summary numSequencePoints="1" visitedSequencePoints="0" numBranchPoints="0" visitedBranchPoints="0" sequenceCoverage="0" branchCoverage="100" maxCyclomaticComplexity="1" minCyclomaticComplexity="1" visitedClasses="0" numClasses="0" visitedMethods="0" numMethods="1" />
              <MetadataToken />
              <Name>Open.Text.StringComparable Open.Text.StringComparableExtensions::AsCaseInsensitiveInvariantCulture(Microsoft.Extensions.Primitives.StringSegment)</Name>
              <FileRef uid="9" />
              <SequencePoints>
                <SequencePoint vc="0" uspid="224" ordinal="0" sl="224" sc="1" el="224" ec="2" bec="0" bev="0" fileid="9" />
              </SequencePoints>
              <BranchPoints />
              <MethodPoint vc="0" uspid="0" p8:type="SequencePoint" ordinal="8" offset="8" sc="0" sl="224" ec="1" el="224" bec="0" bev="0" fileid="9" xmlns:p8="xsi" />
            </Method>
            <Method cyclomaticComplexity="1" nPathComplexity="1" sequenceCoverage="0" branchCoverage="100" isConstructor="False" isGetter="False" isSetter="False" isStatic="True">
              <Summary numSequencePoints="1" visitedSequencePoints="0" numBranchPoints="0" visitedBranchPoints="0" sequenceCoverage="0" branchCoverage="100" maxCyclomaticComplexity="1" minCyclomaticComplexity="1" visitedClasses="0" numClasses="0" visitedMethods="0" numMethods="1" />
              <MetadataToken />
              <Name>Open.Text.StringComparable Open.Text.StringComparableExtensions::AsCaseInsensitiveCurrentCulture(Microsoft.Extensions.Primitives.StringSegment)</Name>
              <FileRef uid="9" />
              <SequencePoints>
                <SequencePoint vc="0" uspid="231" ordinal="0" sl="231" sc="1" el="231" ec="2" bec="0" bev="0" fileid="9" />
              </SequencePoints>
              <BranchPoints />
              <MethodPoint vc="0" uspid="0" p8:type="SequencePoint" ordinal="9" offset="9" sc="0" sl="231" ec="1" el="231" bec="0" bev="0" fileid="9" xmlns:p8="xsi" />
            </Method>
            <Method cyclomaticComplexity="1" nPathComplexity="1" sequenceCoverage="0" branchCoverage="100" isConstructor="False" isGetter="False" isSetter="False" isStatic="True">
              <Summary numSequencePoints="1" visitedSequencePoints="0" numBranchPoints="0" visitedBranchPoints="0" sequenceCoverage="0" branchCoverage="100" maxCyclomaticComplexity="1" minCyclomaticComplexity="1" visitedClasses="0" numClasses="0" visitedMethods="0" numMethods="1" />
              <MetadataToken />
              <Name>Open.Text.StringComparable Open.Text.StringComparableExtensions::AsCurrentCulture(Microsoft.Extensions.Primitives.StringSegment)</Name>
              <FileRef uid="9" />
              <SequencePoints>
                <SequencePoint vc="0" uspid="238" ordinal="0" sl="238" sc="1" el="238" ec="2" bec="0" bev="0" fileid="9" />
              </SequencePoints>
              <BranchPoints />
              <MethodPoint vc="0" uspid="0" p8:type="SequencePoint" ordinal="10" offset="10" sc="0" sl="238" ec="1" el="238" bec="0" bev="0" fileid="9" xmlns:p8="xsi" />
            </Method>
            <Method cyclomaticComplexity="1" nPathComplexity="1" sequenceCoverage="0" branchCoverage="100" isConstructor="False" isGetter="False" isSetter="False" isStatic="True">
              <Summary numSequencePoints="1" visitedSequencePoints="0" numBranchPoints="0" visitedBranchPoints="0" sequenceCoverage="0" branchCoverage="100" maxCyclomaticComplexity="1" minCyclomaticComplexity="1" visitedClasses="0" numClasses="0" visitedMethods="0" numMethods="1" />
              <MetadataToken />
              <Name>Open.Text.StringComparable Open.Text.StringComparableExtensions::AsInvariantCulture(Microsoft.Extensions.Primitives.StringSegment)</Name>
              <FileRef uid="9" />
              <SequencePoints>
                <SequencePoint vc="0" uspid="244" ordinal="0" sl="244" sc="1" el="244" ec="2" bec="0" bev="0" fileid="9" />
              </SequencePoints>
              <BranchPoints />
              <MethodPoint vc="0" uspid="0" p8:type="SequencePoint" ordinal="11" offset="11" sc="0" sl="244" ec="1" el="244" bec="0" bev="0" fileid="9" xmlns:p8="xsi" />
            </Method>
          </Methods>
        </Class>
      </Classes>
    </Module>
  </Modules>
</CoverageSession>